ver. 1.46f2
Option 760 Achievements
    Fixed "typing" text in the achievements dialogue.
    Fixed the "Supplier" achievement did not give a bonus.
Option 733 "Third class"
    Fixed not displaying text when increasing the level of nentral classes.
Option 788 Mortal Heroes
    Fixed removing bonus stats of creatures for creature specialist.

ver. 1.46f
==========
Option 794 "Open Map"
    Removed z-variables intersections with other scripts (thanks to wessonsm)
Option 795 Nightly Scouting
    Fixed crash at the beginning of the battle using Assassins that was appearing after game loading.
    Now you can enable/disable the participation of the Assassins in the battle via Assassins button.
Option 882 "Skeletons with artifacts"
    The base speed and growth rate of the Skeleton Guard are reduces.
Option 766 Leadership
	The growth rate of troops is reduced from 3% to 2% per skill level (still is configured via ini-file)
Option 791 "Ambush bandits"
	The ambush gang`s size is not depended on your hero`s army strenght anymore, it depends only on the game day, the hero`s level and game difficulty level.
Option 788 "Mortal Heroes", Option 725 "Bounty Hunting"
	Fixed a bug in the procedure for rebirth of the hero, which caused changing of the commander`s race for reborn heroes.
Option 760 "Achievements"
	Achievement rank "Inspector" is now given for every single captured unflagged/idle mine (in earlier versions it was given for 2 mines).
	Achievement rank "Collector" is now given for every 5 piles of resources picked up (in earlier versions it was given for 10 resource piles).
	Achievement rank "Treasure-hunter" is now given for every 3 treasure chests (in earlier versions it was given for 4 treasure chests).
	Achievement rank "Scholar" is now given for every 3 objects visited on the map that increases a stat (in earlier versions it was given for 2).
	Fixed Achievements button clicking visual effect (thanks to Sandris).
Option 725 "Bounty Hunting"
	Extended field for the hero name in the recruitment/execution dialogue window. Now long hero names are not cut.
	If the player has a maximum of active heroes, the recruitment of a bandit hero is no longer offered, only his execution for money.
Option 732 "Hero Limit"
	The hero limit is now set only in the range from 1 to 8, because higher values could cause critical errors in the game.
	The descriptions of the options "Siegecraft", "ReMagic", "Hero Limit" are supplemented.
	Added option 724 "Leprechaun's Bank" (converted to the separate option of the same stand-only mod)
	A bug fixed: when taking a Targeted loan for the 1st level Mage Guild construction, the building was not built.
	The option disables only the WoG option "Bank".
	WoG options "Resource Trading Center" and "Ability to transfer ALL resources" are now not disabled, and work (activate) only via right mouse button click on the Bank button.
Option 726 "ReMagic"
	Blessing spell name fixed (in Russian)
Option 879 "Capture of Mills and Leprechaun Gardens"
	Auto Resource Collection now starts after the placement of mithril and correctly collects it.
	
ver. 1.46
==========
Fixed JSON file structures
The function (FUN.GetHeroPortrait) has been replaced with an improved version from igrik (the syntax has not changed)
Option 768 "Monster Resources"
	Removed binding to the $bit$ macro from WoG Scripts.
Option 725 "Bounty Hunting"
	Fixed crash when clicking on the gold icon in the new gang notification dialog.
	Bandit heroes are now selected from the full list of heroes.
	Initial armies of bandit heroes are reduced, experience is reduced and rewards are increased.
	Bandits cannot move on the first turn until they are revealed for all players, which eliminates the possibility of a sudden appearance and attack.
	Updated graphics and dialogues from Sandris.
Option 760 "Achievements"
	Updated graphics for achievement buttons and missing achievement icons from Sandris.
	After rebuilding a looted Dragon Utopia, an error message is no longer displayed.
	The Achievement button is now correctly hidden from the interface when the option is disabled and shifted for games without the HD-mod (SPS. igrik)
Option 795 "Nightly Scouting"
	Updated graphics of the Master assassin, Hoarder and Necromancer from Sandris
	Graphic title of the Nightly Scouting message from Sandris.
	Fixed a bug with the disappearance of assassins from the victorious defending hero.
	Fixed a bug where the defeated hero's assassins were not offered to the winner.
	Fixed a bug where an attacker and a defeated bandit received assassins from the defending winner after being recruited.
	The base chance of assassins appearing in a round is reduced from 33% to 25%.
	The amount of payback for the defeated hero's assassins is doubled.
	The Assassins button is now correctly hidden from the interface when the option is disabled and shifted for a game without the HD-mod (SPS. igrik)
Option 788 "Hardcore Heroes", Option 725 "Bounty Hunting"
	Fixed incorrect descriptions of specializations for reborn heroes.
	Added a specialization of your "dark rebirth".
	Added specializations for aura curses.
FUN.erm 
	The script is now deprecated and _mode_ is a transitional interface for new functions.
	New events and functions are named and placed in separate Event_<name> and Fun_<name> files.
	Modelers who have used FUN.erm must refuse to use it and should use named events and functions instead.
	Detailed descriptions and usage examples can now be found in the Event_<name> and Fun_<name> files.
Era Scripts no longer uses FUN.erm.
Era Scripts no longer uses the event (onGameEnter) due to problems with it when using the HD functionality of loading from a battle.
Script 33 wog - castle upgrading.erm is now excluded from the mod because edits were made in WoG Scripts (SPS. igrik)

ver. 1.45f
==========
Option 760 "Achievements" and 795 "Nightly Scouting"
	Removing temporary arrays after use.
Option 760 "Achievements"
	No new achievement dialogs were shown.
Option 767 "Failure and demoralization"
	The chance of getting negative luck was 2% per level, instead of 10 (ATP. helgtla)

ver. 1.45
==========
Era Scripts now requires an Era version of 2.9.11 or higher.
Installation of version 1.45 should be made in an empty folder, do not update by copying over the old version!
Changed the location of some options in the WoG-options menu
Added option 725 "Bounty Hunting"
Option 792 "Not a place for people"
	The option was restored in the WoG-options menu (it was lost in one of the updates)
Option 746 "Disable Necromancy"
	This option is re-classified as non-switchable interface changes and removed from the WoG-options menu.
	If its functionality interferes with something, you can delete "interface - disable necromancy.erm".
	The texts were corrected and added to the JSON file.
Bug fixes.erm
	The fix with redrawing the troop movement shadow after canceling the action was removed due to causing lags (replaced with a function, see below).
FUN.erm
	Added a function (FUN.GetHeroPortrait) - getting the file names of small/large hero portraits (thanks: MoP).
	Added a function (FUN.GetRandomSpell) - getting a random non-forbidden spell based on the specified selection criteria.
	Added a function (FUN.RedrawShadowAfterAction) - redrawing the movement shadow of the squad after the current action in battle, without parameters.
Option 795 "Nightly Scouting"
	Spell and hero icons are now taken from regular game resources (support for changed hero portraits).
	Replaced portraits of the Master Assassin and Necromancer.
	Hint texts are taken from dialog templates to an ert file.
Option 997 "Grand Manouvre"
	The option has been restored (the game no longer freezes when trying to make a maneuver).
	The code is optimized and commented out.
Option 760 "Achievements"
	Fixed errors and false positives of combat debuffs for achievements (perhaps not all).
	Redesigned the dialogs for recieving and viewing achievements. All graphics were provided by asandris.
	In the progress view dialog, the effect corresponding to the current rank is now displayed instead of the effect per rank.
	Achievements Killer, Inquisitor, Ruffian changed the parameters of creatures to +/-1 per rank, instead of +/-2.
Option 736 "Battle experience" 
	Added compatibility with the replay of the battle plugin BattleReplay.dll from igrik.

ver. 1.44f
==========
Option 727 "backpack Artifacts"
	Under the water of wood and ore being in the backpack now, as in the original, give only 1 unit of resource.
	Resource artifacts can no longer be put on (except for the cornucopia And its components, which must be put on for Assembly/disassembly).
	Artifacts that give a bonus to the power reserve (rider Gloves, boots-Runners, a necklace of Sea Holding) now also work from a backpack (you can not wear it).
Option 769 "creatures with artifacts"
	This option is unlinked from WoG Scripts and the Verification procedure.
Option 735 "Improved artifact market"
	In the last slot of the market, artifacts of the "relic" class can no longer appear, only "major".

ver. 1.44
==========
All mod dialogs now use separate versions of the "es.<fontname>@" fonts to make the display independent of the game versions.
Option 795 "Nightly Scouting"
	Assassins now appear correctly when replaying the battle with the plugin BattleReplay.dll from igrik.
	The appearance of assassins now does not interrupt the repeated move of thugs.
	If you kill an enemy hero (not escaped or paid off), the winner can now join the enemy assassins or receive monetary compensation from them.
Option 882 "Skeletons with artifacts" is rewritten.
	The texts are placed in a json file.
	All parameters of the skeleton guard depend not only on the artifact class and day, but also on the selected difficulty level.
	The skeleton guard now has additional counterattacks and a unique ability.
	A battle with a skeleton guard cannot be conducted in fast mode.
	Correct replay of the battle with the plugin BattleReplay.dll from igrik
Option 760 "Achievements"
	AI heroes now receive an achievement bonus corresponding to 0-4 ranks, depending on the difficulty chosen by the player.
	To get a bonus, the AI hero must have at least the first rank of achievement opened.
Option 788 "Hardcore heroes" rewritten and renamed "Mortal heroes"
	The hero who lost the battle, did not run away and did not give up now does not fall out of the game, but is reborn with new parameters, skills and specialization.
	The reborn hero can also get a new unique specialization.
	To support "mortality" in third-party scripts, a function called "at death" can be used !?FU(ES.opt758.Rebirth); // the Rebirth of the hero x1
	New button graphics for assassins and achievements in the hero window (thank you: asandris). The old one was removed from the mod.

ver. 1.43f
==========
Option 782 "Medicine"
	Enhanced tent healing effects do not work with the "Enhanced war machines III" option enabled (creature resurrection).
	interface-artefact helper
	Added setting the artefact_helper attribute for compatibility.
Option 733 "Third class"
	Fixed a typo that caused the "Modified hero leveling" option to be disabled by "Land navigation" instead of "Third class".
Option 764 "Balanced starting armies"
	Incorrectly defined a creature in the 3rd slot for a hero with a specialization in improved creatures.
	Spelling/punctuation corrections in texts.
Options now don't use WoG macros and don't require WoG Scripts to work.


ver. 1.43
==========
Option 760 "Achievements"
	The Scrabble achievement worked even when the option was disabled.
	Typos in the dragonboys achievement that caused the achievement to fail (SPS. helgtla).
	When you activate the dragon Fighter, the animation on weakened dragons is now played.
	Adjusting the formatting of achievement texts.
	You might not receive messages about receiving Defender/Invader achievements (achievements were actually received), or you might receive messages for AI heroes.
	Restored the performance of the achievements of the Murderer/Inquisitor/Thug.
	When you activate the Assassin/Inquisitor/Thug achievements, you can now play an animation on angry creatures.
Option 795 "Night reconnaissance"
	Thieves/Thugs didn't get their names back if an Assassin attack ended the fight.
	Assassins are no longer called in the tactical phase (bypassing the glitch with round numbers in the tactical phase).
	The scavenger could offer resources for an artifact that the hero didn't have in his backpack.
Option 726 "ReMagic"
	The death wave no longer deals damage to non-living creatures (Golems, elementals, etc.).)
FUN.erm
	Added the FUN function.SpellAnimationOnStacks for mass animation of spells on units. Description inside the file.
	All fixed WoG scripts are excluded from the build, because they are now included in the WOG Scripts mod (many thanks to igrik)


ver. 1.42f
==========
Option 795 "Night reconnaissance"
	New event "the Hoarder"
Option 795 "Night reconnaissance"
	Fixed an incorrect image of NPC creatures (Instructors, Disappearing Ghost, etc.).)
	Fixed a bug with the appearance of assassins outside the battlefield.
	Assassins can no longer appear immediately after they disappear. Before reappearing, at least one unit must appear.
Option 760 "Achievements"
	Fixed a typo that caused an error to appear after taking a creature visit.
	Fixed an issue where the hero's name was not printed in the captured mine revision message.
Option 782 "Medicine"
	Health bonuses from the Medicine skill now apply to all creatures.


ver. 1.42
==========
ERA Scripts now requires an ERA version at least 2.9.10.
Fixed WoG scripts that were included in the WOG Scripts mod were removed from the mod.
Bug fixes.erm
	Fixed a generator bug when starting with multiple cities, the hero does not appear in his home city now only works on random maps.
Option 760 " Achievements"
	The achievement script was actually rewritten, and the language data was moved to " Lang\option 760-achievements.json". The corresponding ert file has been deleted.
	A new achievement dialog has been created. Added a separate "Achievements" button in the hero screen.
	It is possible to replace the new button with its smaller version (the instruction in the "Data\Buttons" directory).
	Fixed a bug where a hero with a curse on visiting shrines could get the maximum level of the "spell Seeker" achievement from a single Shrine.
	The "Robber" achievement has been renamed "Raider" and now requires looting 3 banks to get a rank.
	The achievement of the "Seeker of wisdom" is renamed to "Student".
	9 achievements "Enemy of the people" are transformed into 3: Murderer/Inquisitor/Thug and apply to creatures not of the race, but of the faction (good/evil/neutral). Creature bonuses and penalties for each achievement rank are doubled.
	New achievement Courier
	New achievement the Witcher
	New achievement Defender
	New achievement Invader
	New achievement the Executioner
	New achievement Scrabble
Option 767 "(Not)luck "renamed to" Failure and demoralization"
	Morale now as well as luck has no threshold values and can be triggered with a chance up to 100% (PCA. Igor).
	Negative morale and luck give a 10% chance of triggering, positive-5%.
Option 791 "Ambush bandits"
	Fights with bandits now take place without the participation of combat vehicles (SPS. Igor).
Option 758 "Thugs"
	Fixed a bug where thugs who destroyed an enemy and died from a fire shield got a second turn.	
Option 795 "Night reconnaissance"
	If the total health of the victims is lower than that of the Dracolich, the Necromancer now raises Blood dragons.
	New event "Master assassin". Added a separate "Assassins" button in the hero screen.
	It is possible to replace the new button with its smaller version (the instruction in the "Data\Buttons" directory).
	Icons for creatures, secondary skills, and artifacts for dialogs are now taken from the game's standard defs.
	Hero view/accept / reject in intelligence dialogs are now triggered when the LCM is released, all reactions to the PCM are removed, and frames are added to the OK/cancel buttons.


ver. 1.41
==========
ERA Scripts now requires an ERA version of at least 2.9.9.
Removed obsolete scripts from the "disabled", "stub" folders for files that are no longer in the basic ERA distribution.
Option 786 "Diplomatic bidding"
	A bug with zeroing the cost of spearmen when visiting a hero’s diplomat’s external home was fixed, which subsequently led to a crash when trying to hire spearmen in the Castle with undeveloped Halberds.
Option 791 "Ambush of bandits"
	A check has been added to prevent a variety of glitches during an ambush against cheaters with a VERY strong army, impossible under normal conditions.
Option 786 Hidden Enemies
	Fixed a bug due to which the appearing "hidden enemies" could become available for purchase in the tavern (with a crash when buying).
Option 786 "Quick Saves" is removed, because this functionality is now included as a mod in the basic ERA package.
Option 733 Third Class
	When turned on, it forcibly disables the incompatible option 881 "Modified leveling of heroes."
Bug fixes.erm
	Now, during the course of the First Aid Tent, the hero can conjure / retreat / surrender.
Option 879 "Capture of Mills and Leprechaun Gardens"
	Improved Mithril Windmill and Water Wheel now provide twice the amount of resource (ATP. Slater777)
Option 764 Balanced Starting Armies
	Added compatibility with the WoG option "11 wog - neutral town" (also added to the mod).
	The option now affects heroes in prisons (only for random cards).
The WoG script "30 wog - enhanced secondary skills" has been replaced and modified by igrik.


ver. 1.40
==========
Option 736 "Battle Experience"
	Fixed bug with unexpected zeroing / increase of troops experience after battle (further observation required).
	Neutral units (without a hero and not in the garrison of the defending town) now do not get experience in battle.
Option 882 "Skeletons with Artifacts"
	Relict artifacts are excluded from generation, the odds of treasure / minor / major loss are set to 60/30/10%, respectively.
	Artifact guards are enhanced, "treasure" artifacts are now also guarded.
        The skeleton guard now receives a health bonus for the past playing time.
	Removed the probability of generating a skeleton without an artifact.
Option 791 "Bandits Ambush"
	Bandits do not ambush on skeletons if option 882 "Skeletons with artifacts" is enabled
Option 780 "Size-limited cities"
	Fixed a bug due to which the extra not hired upgraded creatures of AI were not transferred to the peons with the option 785 "Peons" turned on.
Option 994 "Military Duty"
	Fixed a bug with the incoming of unupgraded creatures in the town with rebuilt upgraded dwelling.
Option 733 "Third Class"
	Changed the names of some classes to more appropriate.
	First aid specialists, as belonging to the warrior class, now begin without a Spellbook and spells.
Option 772 "External Upgrades"
	Now the zero cost of upgrade is not displayed in the dialog as "amount per day."
WoG-option 195 "Objects replacement" (78 wog - wogify.erm)
	The number of replaced objects now depends on the number of types of replacement objects. So with a small variety of new objects on the map is placed less. In particular, removes the problem with the dominance of the Gorynyches and Hell Steeds.
Added daily fix cost of the spearmen's cost (bypassing the flight when hiring the Pikemen at their zero cost, the source of the problem has not yet been found)


ver. 1.39
==========
Option 733 "Third Class":
	Fixed a typo in the script, due to which the hero could rise against the "experience limit for the map" when raised.
Option 783 "Scholars Instead of Obelisks":
	In some cases, the cost of the Scholars services was incorrectly calculated with the "Diplomatic Bargaining" option disabled.


ver. 1.38
==========
Option 727 "Backpack Artifacts":
	The cornucopia being in a backpack now correctly brings 5 resources, instead of 4x.
Option 733 "Third Class":
	Fixed a bug with the primary parameters of heroes in prisons (they received only Knowledge)
Option 764 "Balanced Starting Armies":
	Army heroes in the tavern who escaped / surrended last Sunday are no longer balanced.
Option 774 "Experience Exchange", Option "No Chains":
	The functional now works when heroes meet through a portal or gateway to the underworld.
Option 753 "Stunning Boars":
	Casting the Death Ripple spell before attacking boars no longer triggers a daze.
Option 727 "Backpack Artifacts", Option 733 "Third Class", FUN.erm
	Named functions are replaced with number ones.
Bug fixes.erm:
	Fixed a bug with the removal of selected objects, if for any reason they are not selected.
Fixed bug with weekly balancing army of heroes in taverns 733 "Third Class":
	If the hero gets several levels at once, the level: x / y is now displayed in the promotion window. 
Option 764 "Balanced Starting Armies":
	Fixed bug with weekly balancing army of heroes in taverns


ver. 1.37
==========
WoG-option 45 "Castle Upgrading"
	Fixed a bug due to which in the city it was impossible to build more than one improvement.
Added option 824 "Maximum Secondary Skills" (igrik)
	Fixed a bug with checking the status of an option and added compatibility with the 10SSkills (c) igrik mod
WoG Options Menu
	option 735 "Advanced Artifact Market" returned
	option 793 "Economy" returned
	options are redistributed by sections and tabs and sorted
Added option 733 "Third Class" (special thanks to igrik)
	Now heroes are divided not only into 2 classes, like "warrior-mage", but into 3 classes: "warrior-wanderer-mage" based on specialization. 
	Warriors are specialists in creatures and combat sec. skills. Mages are specialists in spells and magic secondary skills. Wanderers are specialists in resource extraction, secondary   skills of wanderers and non-standard specializations.
	When leveling up, the hero gains 1 primary skill point and a choice of up to 3 secondary skills.
	Both the primary and secondary skills offered when raising a level depends on the race and class of the hero. Profile skills for races are offered more often.
	Option settings and additional information can be found in the file "option 733 - third class.ini".        
WoG-option 187 "Heroes May Be Renamed"
	When the 10SSkills mode is on {thanks to igrik}, clicking on the specialization icon does not cause the hero's rename dialog.
Option 727 "Backpack Artifacts" The bonus gold from artifacts is now correctly displayed in the kingdom overview. {thanks to igrik}
	Bonus of gold from artifacts is now correctly displayed in the kingdom overview. {thanks to igrik}
Added option 726 "ReMagic" {thanks to igrik}
	The mod ReMagic is now available as an option inside ERA Scripts.
	To avoid conflicts, do not forget to remove the ReMagic Mod from the list of used mods!


ver. 1.36
==========
Option 783 "Scholars Instead of Obelisks":
	Fixed a bug due to which Scientists could work in the old way - free of charge and disappear when they refuse to learn.
Option 785 "Peons":
	Fixed displacement of the income line of the city after loading and improved centering.
	Maximum city income is limited to 32k gold
	Peasants are now working with 5-fold efficiency, instead of 10-fold.
	Now you can not assign Peons in the city ally.
Option 732 "Hero Limit"
	Added additional checks on the new limit of heroes. (igrik)
WoG-option 45 "Castle Upgrading"
	fixed bug due to update operation of the lock window during AI move
	Maximum city income is limited to 32k gold
Option 824 "28 Skills" removed from the mod (replaced by a new one)
Added option 824 "Maximum Secondary Skills" (igrik)
	The number of secondary skills available to heroes is increased to 10 (you can specify your value in file "option 824 - 28 secondary skills.ini"). 
Option 798 "No Upgrades in the City" removed from the mod (untied from the option and moved to the Disabled directory)
Option 754 "No Chains" removed from the mod (untied from the option and moved to the Disabled directory)
Option 797 "No Necromancy at the Start" removed from the mod (untied from the option and moved to the Disabled directory)
Option 283 "Dress Code" removed from the mod (untied from the option and moved to the Disabled directory)
Option 783 "Scholars Instead of Obelisks":
	Now the Scholar can teach the hero a secondary skill if the hero already has 8 skills, but the limit is sec. skills enhanced.
Option 793 "Economy":
	The specialty "Economics" now acts as a skill level (+ 5% to income), and does not double the current skill.
	The effect of the skills The economy of all player heroes is now visible in the income lines of cities and in the Kingdom overview.
	Maximum city income is limited to 32k gold
Option 736 "Battle Experience"
	Added a plug-in that corrects the work of the EA: E (igrik) receiver, which should fix problems with incorrect calculations of the unit's parameter under (de) buffs when it receives a level.
Added option 728 "Heroes Without Armies"
	Enabling this option allows the hero to transfer or dismiss all troops and leave heroes without an army.
	Heroes without armies receive a 25% movement penalty at the beginning of the day (equivalent to a fine for having creature squads with a speed of 3 in the hero's army.)
	The penalty does not apply to movement on water.
Added option 727 "Backpack Artifacts":
	Artifacts producing resources now give bonuses from within a hero's backpack (no need to equip).
Options within sections are sorted alphabetically.


ver. 1.35
==========
Option 785 "Peons":
	The hiring button has been changed and moved to a line showing the city’s income
	In the income line of the city and in the kingdom view window, now the bonus of income from peons is immediately displayed (ATP igrik)
	Disabled button reaction on the Right-click
53 wog - map options.erm -> Buy All Creatures button
	The screen update now takes place once, after all the troops are added to the city garrison.
WoG option 45 "Castle Upgrading"
	The income from the construction of the gold reserve is now displayed in the income line of the castle and in the kingdom view
Option 742 "Experience Without Abilities"
	Fixed bug with installing incorrect speed bonuses.
Option 994 "Military Duty"
	Fixed a bug due to which the call worked only for the red player.

ver. 1.34
==========
Bug fixes
	Fixed the game's crush after the units with the absolute shooter under Berserk.
Added option 731 "Trained AI" (as an alternative to the script "Strong AI for primary skills" from igrik)
	Depending on the selected level of difficulty, each AI hero has a chance when leveling up 0/25/50/75/100% to additionally increase by 1 profile primary parameter.                                     
	The profile of the parameters is determined by the class of the hero.
Added option 730 "Single-slot Composite Artifacts" (Author: igrik)
	The composite artifacts now require only one slot (without blocking others) and cannot be disassembled.
Added option 729 "Battle Autosave" (Author: igrik)
	The game autosaves before each battle that the human player begins.
Option 785 "Peons":
	Office of the Peons rendered a separate button in the city screen
Option 764 "Balanced Starting Armies":
	The army of the protagonists heroes (more than 1st level) and the heroes who are in prisons do not balance.


ver. 1.33
==========
Option 791 "Bandit Ambush":
	Reset signs of an ambush when loading a game. Solves problems when using fast saves before a fight.
Bug fixes
	Added fix z-coordinates battle. In particular, it solves the problem with rare departures on single-level maps.
Option 791 "Hero Limit"
	The default limit has been increased from 3 to 5.
Undisable changes
	Artefact Helper - Right-click on the artifact on the adventure map displays its detailed description.
	It is useful both for beginners and for viewing artifacts with altered or random properties.
Updated erm_hooker.era
	Corrects, in particular, the joint failure of the "Medicine" and "Health Artifacts" scripts.
Option 764 "Balanced Starting Armies":
	Starting armies of heroes-specialists in war machines always include the corresponding machine.
	Starting armies of heroes with the skills of ballistics / artillery / first aid now necessarily include the wagon / ballista / tent.
	So Heroes who have acquired a machine skill from the Randomizer will not remain without a profile machine.
	The number of creatures in starting armies is now calculated based on their increased value due to added abilities.
Option 771 "Randomizer":
	Heroist specialists in ballistas now receive Artillery instead of Archery as a compulsory skill.


ver. 1.32
==========
Option 735 "Advanced Artifact Market":
	Black markets now also lay out a new product instead of a purchased one. (igrik)
Added option 732 "Hero Limit" (igrik)
Option 757 "Dragon Towns"
	In case the city becomes inaccessible after reorganization, the entrance in front of it is cleared.
Option 782 "Medicine"
	In the "Medicine" and "Health Artifacts" scripts, the hook now calls various ERM functions.
Added WoG-script division of troops, with the adjustment of the number of troops after the separation.
Option 760 "Achievements"
	Each level of the "Enemy of the Neuro" changes the stats respectively. enemy creatures at -1 instead of -2.
	With the achievement of the "Auditor" and the abandonment of the capture of the mine with protection, resources are no longer issued.
Option 791 "Bandit Ambush"
	Now an ambush can only appear when you first visit the facility for the day for each player.
	So artificially causing an ambush with a "space-button" will no longer work.
Option 768 "Monsters Drop Resources":
	Mithril can no longer fall out when the WoG option 36 "Mithril" is disabled.
Option 787 "New Mana Regeneration System":
	The well no longer restores mana to heroes with a curse that prohibits his visit.
Bug fixes
	Now, at the beginning of the game, in the cities and external dwellings, the number of creatures available for hire corresponds to the current gain, which could be changed by various scripts.
Option 994 "Call to Arms" removed from the mod (replaced by a new one)
Added option 994 "Military Duty"
	Every sunday, the non-redeemed creatures from captured outer dwellings arrive for hire in the player's town, granted there is a suitable dwelling built. 
	If the player does not have a town with a suitable dwelling built, creatures remain in the outer dwellings.
	The town(s) chosen for creatures from outer dwellings is determined by the order in the list of player's towns - the town(s) listed from the top have a higher priority.                   
	The order of towns can be changed by using WoG-option 244 "Hero and Town List Reordering" 
	8th-level creatures are not subject to military duty and arrive in the hero’s town in the standard way. 
Option 764 "Balanced Starting Armies":
	Starting army size reduced from 5000 to 4000 FV.
Option 738 "Digital Displaying" removed from mod (functionality added to ERA basic package).


ver. 1.31
==========
Option 764 "Balanced Starting Armies":
	Fixed a bug in which the first 3 squads of the already hired hero could be replaced with starting ones.
Option 739 "Pathfinding"
	Fixed secondary skill description.
Option 795 "Nightly Scouting":
	When meeting with the seller of the artifact, click on the artifact now shows its description.
WoG Option "New Treasure Chest"
	New chests should no longer give bonuses if the hero was ambushed and lost the battle before opening them.
Option 748 "Refusal of Dwellings"
	Now you can not abandon the homes of "8th level creatures", if they do not work as usual.
Option 757 "Dragon towns"
	Added compatibility with WoG-Option 73 "Enchanced War Machines III". In the forge of the rebuilt city, 1 WM is now available.
Option 744 "Field Repairs"
	Added compatibility with the 73 "Enchanced War Machines III" WoG option. In the field, you can restore one destroyed WM of each type.
	Fixed a bug when, in the presence of funds for the repair of only one car, the rest could be repaired "in debt."
Many options:
	Removed playback of sounds, message output and animation when a functional is triggered in a quick battle.
Option 796 "Use of the Scrolls, Banners And Artifacts":
	Fixed calculation max. hero's mana reserve when scroll is destroyed.
Option 878 "Experience For Letting Go":
	Now, when gaining experience for releasing monsters, the skill and specialization of the Learning are taken into account.
Fixes:
	When viewing a hero in a tavern, a window that does not collapse now opens, where you can see the parameters of the commander, spells in the book, etc. (Tnx igrik)
Option 750 "Demonic Rage"
	Added output of a message about furious demons to the battle log.
Option 771 "Randomizer":
	When choosing random starting skills, the resistance is attributed to auxiliary skills, and the first aid to combat skills.


ver. 1.30
==========
Option 795 "Nightly Scouting":
	The formula for calculating the number of parties to the conflict has been changed. The number of low-level creatures now increases faster.	
	Conflict can now only beings of different worldviews.
	In a conflict, tactical deployment is not available.
	Protected parties to the conflict act independently (Thanks to igrik, MoP).
Option 771 "Randomizer":
	A hero who has acquired the skill Scholar automatically also receives a book of spells, if it was not there.
Option 796 "Use of the Scrolls, Banners And Artifacts":
	A hero with a mana margin exceeding the maximum now no longer loses mana while scrolling.
Option 737 "Machines Capture"
	To destroy the WM is now used CTRL + Left-click.


ver. 1.29
==========
Option 796 "Use of the Scrolls, Banners And Artifacts":
	All bonuses that AI gets for using scrolls, banners and artifacts are multiplied by the level of difficulty (80/100/130/160/200%).
	The amount of mana obtained for breaking a scroll with a nth level spell is reduced to 15 * n mana.
	Obtained from the destruction of the scrolls mana now can not exceed the natural maximum of the hero.
	The AI hero before the battle with a human player can destroy up to 3 scrolls from a backpack to replenish mana.
	Fixed a bug due to which the AI did not destroy the scrolls.
Option 795 "Nightly Scouting":
	Added event "Vanishing Ghost."
	Added event "Necromancer".
	Added event "Conflict".


ver. 1.28
==========
Option 796 "Use of the Scrolls, Banners":
	Added functionality for the destruction (sacrifice) of artifacts from a backpack to gain experience.
	The sacrifice gives only 50% experience in comparison with the sacrifice on the altar. Skill "Learning" also gives a bonus to the experience gained.
	And a hero who is weaker than level 15, once a day sacrifices one artifact in his/her backpack that's not
	a Major or Relic, commander's, "empty" (new) or a part of a composite artifact. 
	To activate the scroll / banner / artifact destruction action now uses CTRL + Left-click.
	The option is renamed to "Using of the Scrolls, Banners and Artifacts."
Added option 734 "Team AI"
	At the end of each move, every AI player transfers all of its resources (incl. mithril)to the next AI player on his/her team.
Option 742 "Experience Without Abilities":
	Primary parameters are now standard for all creatures: + 5% per experience level (speed: + 5% per 2 experience levels).
Option 736 "Battle Experience":
	experience gained in combat increased 1.5 times.


ver. 1.27
==========
Option 783 "Scholars Instead of Obelisks":
	Fixed a bug where a scientist could sometimes teach for free due to incorrect verification of the hero’s curses.
Restored original functionality of new treasure chests (in WoG-mod ERA lie JHV-versions of the scripts):
	“Knowledge Volume (sec. Weekly skills)” gives skill for a week, not the next day.
	"Resources or primary parameter" gives a choice, not a primary parameter in any case.
Option 879 "Capture Mills and Gardens":
	Fixed a bug with the removal of the guest hero in an enemy castle on Right-click (tnx. igrik).
Option 737 "Machines Capture"
	Now an unnecessary machine can be destroyed in the hero’s window by Right-click
Option 739 "Pathfinding"
	Off-road movement penalty coefficients are adjusted to avoid situations,
	when the hero with the Search for the Path and only with the “native” creatures of the given soil moved more slowly.
Option 795 "Nightly Scouting":
	In the hero window, which opens from the Nightly Scouting dialog, the button “Dismiss the hero” is now blocked (Thanks to igrik).
Added option 735 "Advanced Artifact Market"
	Town Artifact Merchants instead of the redeemed goods typically sold,they now sell new and sometimes more rare artifacts.      
Option 738 "Digital Displaying"
	Fixed a bug with the flight of the game with the paint on the squad with 3 or more spells (Thanks to igrik).
Bug fixes
	Fixed a fixed shooting commander (the commander with shooting lost the ability of the type of double strike in the presence of a number of enemies).
	fixed a similar situation with the presence of the hero Bow of the Sharpshooter and ended the commander's ammunition.


ver. 1.26
==========
Option 789 "Critical Sorcery"
	Fixed bug with incorrect definition of a random number.
	Parts of the "Ring of the Magi" collection now give an additional 5/10/15% chance of a critical. The Ring of the Magi itself - 50%.
Option 764 "Balanced Starting Armies":
	The army of heroes in the taverns after the first week is also balanced.
	The 6th level creature specialists now have improved special units in the 3rd squad.
	Experts on creatures 4-6 levels now have creatures of the 1st level in the 2nd squad.
	Changed the ratio of values of units.
Option 787 "Enchanced Resistance"
	Fixed a rare crash.
Option 787 "New Mana Regeneration System"
	Corrected advanced / expert skill description.
Option 782 "Medicine"
	Sounds of good luck / failure Tents replaced with GOODLUCK / BADLUCK.
	Fixed a bug in calculating the luck of the Tent. The chance of loss (Mis)Fortune is now 5% (the same as in the option (Mis)Fortune).
	The first aid tent is now susceptible to luck / failure spells if the (Mis)Fortune option is enabled.
Option 759 "Devilish Sacrifice"
	Ability now works after wait.
Option 740 "Enhanced Creature Specialists"
	Fixed a bug with incorrect determination of the level of the hero.
Added option 736 "Battle Experience":
	Troops in human-player battles receive experience and new ranks directly in the battlefield. 
	Experience is awarded only for killing enemy units of creatures (in any way) and only the one who's killed a troop. Details in the description of the option.
Added option 737 "Machines Capture"
	After the battle, the victorious hero receives the surviving war machines of the enemy if he/she has free slots for them.
	If there are no free slots, war machines are destroyed. Upon surrender, war machines remain with the losing hero.
Deleted old option 795 "Nightly Scouting".
Added new option 795 "Nightly Scouting" (implemented only part of the planned functionality)
	Before and during the game on some available map areas, random events are placed that
	can be activated by any hero who sleeps over (ends turn) on that area or the areas nearby.                                 
	Heroes with the Scouting skill and/or artifacts Speculum and            
	Spyglass, during the night, can detect events in neighbouring areas.


ver. 1.25
==========
Option 787 "New Mana Regeneration System":
	The cost / value of mana artifacts increased to 1000/2000/3000.
	Mystic Orb of Mana transferred to the class Minor-artifacts.
Added option 738 "Digital Displaying" [Author: igrik]
	The morale / luck icons and active spells of a squad in combat now have numeric signatures of meaning and duration.
Option 794 "Open Map"
	Now, before starting the game, a dialog is selected for which players to open the card (by default, only red).
Option 743 "Health Artifacts" and 782 "Medicine" replaced by versions from igrik.
	Health creature bonuses are now displayed not only in battle, but also in the hero's window.


ver. 1.24
==========
Option 787 "New Mana Regeneration System" was redone:
	Now the heroes will recover 3% every day of their maximum mana reserve (min. 1).
	Visiting magical wells only restore 20% (min. 20).
	Overnight stay in a town with a Mage Guild will restore a 20% reserve (min. 20) dependant on Guild level.
	Each level / specialization of Mysticism completes an additional 3% (min. 1) of mana when spending the night outside the city.
	and 20% (min. 20) when visiting a well or spending the night in a city with a guild.
	Mana artifacts act in the same way as basic / advanced / expert Mysticism.
	Also added tips on the current recovery of mana by Right-click on the number of mana
	in the hero window, the hero encounter window, and the hero status window on the adventure map.
Added option 740 "Enhanced Creature Specialists" (Idea and sponsorship: swallowmee, main code: igrik):
	Creatures under the command of the respective specialist receive a one-time +1 speed bonus,
	as well as +1 to attack for every odd level of the hero and +1 to defense for every even.
Added option 739 "Pathfinding"
	This option changes movement costs on different terrains for different levels of the Pathfinding skill so that with each 
	skill level, albeit in varying degrees, the hero becomes more useful on EVERY Terrain.        


ver. 1.23
==========
Option 789 "Critical Sorcery":
	multiplier crit. damage reduced from x2 to x1.5, chance increased to 10/20/30 / (40)%,
	Crete. Damage can now be inflicted by any spells (not just targeted ones),
	chance of getting a crit. damage in the case of a massive spell is calculated for each target separately,
	turning on option disables WoG option "Sorcery II".
Option 777 "Enhanced Resistance":
	golem-like component of the resistance skill is now correctly summed up with other resistances,
	the chance of triggering expert resistance is reduced to 15%,
	resistance effects are calculated correctly and with magic damage on their own creatures,
	turning on the option disables WoG-option "Resistance II".
Option 784 "Off-road":
	moved to the disabled directory, due to the better implementation of the functionality in the HD mod.
Added option 742 "Experience Without Abilities" (Idea: igrik):
	This script disables the new abilities you get by creatures with the troops' experience turned on, leaving only bonuses to the primary parameters.
A Berserk has been fixed, which wasted if there were no susceptible units in the area of action.
Option 750 "Demonic Rage":
	added rabies sound when infuriating demons.
Added option 741 "Zealots Interceptors":
	Zealots gain the ability to intercept and redirect the spells from a hostile target.
	Chance of interception = 1% for each Zealot in stack.
	After intercepting, the spell can be redirected by Magic mirror (standard chance).
	The Fight Value of Zealots is increased by 5%.
Option 767 "(Mis)fortune" and Option 782 "Medicine":
	Success / Failure sounds have been changed from FORTUNE / MISFORT to GOODLUCK / BADLUCK.


ver. 1.22
=========
Option 782 "Medicine and Health Artifacts" divided into 2 options:
	"Health Artifacts" (option 743) remained unchanged (+% to the health of living unsummoned creatures).
	Option 782 "Medicine" now gives a fixed bonus of + 1 / + 2 / + 3 (+4) to the health of living unsummoned creatures,
	First-aid tents now restore 1-25 / 26-50 / 51-75 / 76-100 / (101-125) damage points
	and exposed to (Not) luck (50% / 150% of treatment) if the option 767 "(Not) luck" is enabled.
Option 751 "Necromancy"
	Fixed a bug taking into account only their fallen creatures during the animate of the undead.


ver. 1.21f
==========
Option 994 "Call to Arms"
	Fixed the lack of a file gold.wav
Option 879 "Capture Mills and Gardens":
	Now when you click on a non-yellow square of the captured object, the correct tooltip is also displayed. Thanks: gamecreator


ver. 1.21
=========
Added option 745 "Hi-level Monsters" (Idea: Ivor)
Added option 744 "Field Repairs" (Idea: Ivor)
Option 757 "Dragon Towns"
	The restructuring of Utopia is not proposed if the maximum number of cities is already on the map (48).
Options "Dragon Towns", "Learning Scrolls of Spells" and "Refusal of Dwellings" moved to the section "Changes to objects and artifacts"
The "Literacy" WoG option now correctly considers the limit on the level of spells studied.


ver. 1.20f
==========
Option 793 "Economy", Option 785 "Peons":
	Now they do not give out errors and work correctly if there are more than 48 cities on the map (they may appear, for example, when rebuilding Utopias)


ver. 1.20
=========
In connection with the best implementation of the functionality in the HD mode, the following options have been removed from ERA Scripts:
	Option 799 "Swap Troops"
	Option 998 "Fast Troops Placement"
Removed options are moved to the "ERA scripts Rus(Eng)\Data\s\disabled" directory.
If necessary, they can be returned to the "ERA scripts Rus(Eng)\Data\s" directory.
They will not appear in the WoG menu, but will be considered enabled and working.
Fixed (gamecreator) error in option 751 "Necromancy", due to which, in particular, after the battle, the Grail of the victorious hero disappeared.
From the mod, single fixes are given, because all of them are now present in Bug fixes.erm
To work correctly, you need to remove the mod (Mods \ ERA scripts Rus(Eng) directory) and install it again.


ver. 1.19
=========
Option 757 "Dragon Towns"
	the price of restructuring Utopia raised to 20 wood and 20 ore;
	removed a repeated message about the possibility of restructuring the fort, if resources are sufficient;
	fixed bug, when after the restructuring of Utopia there were creatures for hire, even without dwellings;
	Corrected text descriptions.
Fixed WoG script "Commander sanctuary", when visiting the sanctuary of an AI player with a dead commander, a request for resurrection was asked to the human player. Also for AI, the cost of resurrection of the commander in the sanctuary has been removed.
Option 760 "Achievements"
	removed the attacks of the armies of the factions on the "Enemy of the People".
If enabled the option 785 "Peons" 780 and the option 780 "Size-limited cities", then 20/25/33/50/100% of "extra" AI creatures (depending on the level of difficulty) goes into the category of peons.
Option 747 "Self-education"
	Fixed a non-crit beginning of a typo that affected skill descriptions.


ver. 1.18
=========
Added option 746 "Disabling Necromancy" (Author: Gamecreator)
Added EraPlugin erm_hooker.era v.1.0.0
Fixed a typo in Option 764 "Balanced Starting Armies", leading to its inoperability.
Option 799 "Swap Troops": Removed the ability to pick up troops from an allied hero using quick exchange.


ver. 1.17
=========
Added option 747 "Self-education".
Option 764 "Balanced Starting Armies":
	the combat vehicle specialists fixed its appearance in the squadron’s slot.


ver. 1.16
=========
Added option 749 "Mana Shrines".
Added option 748 "Refusal of Dwellings".
Added file "known bugs.txt" with description of known problems.
Option 764 "Balanced Starting Armies":
	accounting for the specialties "Extraspecial on Beings" and "Improving Beings" was added,
	In particular, starting armies are now correctly set up with the option “Hero Specializatin Boost” enabled.
Added bug fix Forgetfulness, the original acts on all units already at the Advanced level.
A check for the presence of a Bow of the Sharpshooter has been added to the commander’s shooting fix. Now a blocked commander can shoot when Bow of the Sharpshooter has a hero.


ver. 1.15
=========
Added option 753 "Stunning Boars".
Added option 752 "Evading Halflings".
Added option 751 "Necromancy".
Option 761 "Battle Dwarves Reinforcement":
	after taking damage, Battle Dwarves increase defense by 2 instead of 1.
Added option 750 "Demonic Rage".
Fixed typos in the descriptions.(Ru version).


ver. 1.14
=========
Added option 754 "No Chains".
Option 765 "Town Treasuries":
	fixed the error "not a castle".


hotfix
=========
Option 760 "Achievements":
	In the army attacking the "enemy of the people" there could be detachments with zero numbers.
	

ver. 1.13
=========
Added option 755 "Mines Exhaustion"


ver. 1.12
=========
Option 760 "Achievements":
	 Added a graphic dialog to display the achievements of the hero
Added option 756 "Siegecraft".
Changed the menu tabs "WoG options" for some groups of options.
	 

hotfix
=========
Option 761 "Battle Dwarves Reinforcement"
  Fixed a bug when, after the death of one of the squads of military gnomes, the rest lost the ability to "strengthen."
Option 760 "Achievements":
  When exterminating the creatures of the hostile faction, the achievement “Enemy of the People” did not give the creatures a bonus to attack and a penalty to defense.


hotfix
=========
Fixed a bug when heroes-specialists of Necromancy with the enabled options "Randomizer" and "Necromancers are not born" started without the Necromancy skill.


hotfix
=========
Option 796 "Use of the Scrolls, Banners":
	fixed a bug when the hero had a spell from the destroyed scroll.
Option 763 "Hidden Enemies":
	Invaders now appear starting from the 2nd month.
Option 765 "Town Treasuries":
	Fixed a rare bug that caused the game to crash.
Option 791 "Bandit Ambush":
	during an attack, obstacles are removed from the battlefield.


hotfix
=========
Fix war machines supplemented by an automatic pass of the ballista / catapult with zero ammunition
Fix commander shooting and double strike fixed for the case when the defending commander does not have a hero (eg in banks).


hotfix
=========
Added bug fix with disappearance of the shadow of movement after the cancellation of the action of BG: A0
Fixed a bug in "Native town Fix" with daily teleportation of the only hero in his hometown.


hotfix
=========
Added bug fix SoD with a decrease in the number of monsters with detachment with the loss of the hero on the number of graceful creatures.
Fixed bug added when commander getting shooting skill lost his ability to attack twice in melee.
Added bug fix generator when starting with several cities of different types, the starting hero is not placed in his hometown.


ver. 1.11
=========
Added option 757 "Dragon Towns".
Changed layout options on the tabs WoG-options.
Option 760 "Achievements":
	Achievement Auditor is now given for every 2 captured non-operational mines (there were 3)
 	Achievement Treasure Hunter is now given for every 4 open chests of the base type (there were 5)
	Added 9 achievements "Enemy of the People (Faction)"
 

hotfix
=========
Option 765 "Town Treasuries":
	The erroneous triggering of the option is removed when the guest hero is defeated while the garrison hero is alive.
Minor gameplay text edits.

 
ver. 1.10
=========
Added option 758 "Cutthroats".


ver. 1.09
=========
Option 783 "Scholars Instead of Obelisks":
	in case of impossibility / refusal of training, the player can later on by pressing the Right-click on the scientist to see his specialization.
	with the option 786 "Diplomatic Bargaining" enabled, the discount from the Diplomacy skill and the diplomat's wearing artifacts applies to the services of Scholars.
Option 772 "External Dwellings Upgrades":
	Improvements are now possible only if there are not employed beings in the dwellings visited.
	possible improvements in refugee camps.
Option 786 "Diplomatic Bargaining":
	the discount is now being extended and hiring / improving in refugee camps.
Option 785 "Peons":
	Peasants work in peons with 10-fold efficiency.	  
Removed intersections on variables z177, z178, z891 with standard WoG scripts.


hotfix
=========
The intersection of z-variables with the WoG option "Berserkers-Flies" has been removed.


ver. 1.08
=========
A fix has been added that removes information from the WoG-array of settings for objects about the "matched" objects (resources, fires, etc.) after their give up.
Fixed the original SoD bug when a flying squad loses its turn when attempting to attack, if the hex on which the flying squad must stand is occupied by another squad.


ver. 1.07
=========
Added WoG bug fix with reduced commander protection after triggering the ability to “block damage”
Added option759 "Devilish Sacrifice".
Option 771 "Randomizer":
	The maximum change in default increment has been increased from 30% to 40% (it can still be changed in the option 771 file - randomizer.ini).
Option 763 "Hidden Enemies":
	emerging enemies are now in the 6th (last) alliance. It should solve a rare problem with the possibility of an AI allied to a human player,
	the enemies that appear now always have the maximum mana.
Option 791 "Bandit Ambush":
	now when attacking bandits the deployment of troops (Tactics) is not available.
Possibly corrected crash in rare cases when trying to hire pikemen.


ver. 1.06
=========
Option 780 "Size-limited Cities":
	fixed a bug when, when exceeding the limit of creatures and unbuilt improved housing, it was possible to hire improved creatures.
Option 795 "Nightly Scouting":
	Fixed incorrect description of advanced and expert levels of the Scouting skill.
Option 880 "Study Spell Scrolls":
	Fixed a bug that caused the option to become inoperable.


ver. 1.05
=========
Added option 760 "Achievements".
Option 771 "Randomizer":
	added installation functionality to heroes of "random" starting skills. Variants of randomness are configured in the option 771 file - randomizer.ini,
	By default, the hero’s random skill is selected from the group of class-specific skills (combat / auxiliary / magic),
	corrected option description.
Option 772 "External Dwellings Upgrades":
	pictures of improved creatures added to the dialog to improve them and display the cost of improvements with a "-".
Option 793 "Economy":
	in the hero / heroes meeting screen in the description of the Economy skill now the current bonus is additionally displayed.
Option 767 "(Mis)fortune":
	The error message is eliminated if a non-existent unit is attacked (for example, a unit is killed by an additional skill of liches or gogs before the main attack).
Option 791 "Bandit Ambush":
	the type and number of units in ambush are now random (at the beginning of the game, strong creatures do not appear),
	The number of bandits now depends not only on the level of difficulty and the level of the hero, but also on the strength of the hero’s army.
	dependence of ambush size on time removed,
	corrected option description.
 
 
ver. 1.04
=========
Option 878 "Experience For Letting Go":
	fixed bug due to which the option did not work,
	It is forbidden to change the coefficient of experience in the game process,
	experience coefficients are divided by difficulty levels and made into an ini-file,
	default coefficients - 100/80/60/40/20%,
	corrected option description.
Option 765 "Town Treasuries":
	fixed a bug when resources were not transferred if the defender hero stood at the gates of the city and there was no defense in the garrison,
	for a human player, the coefficients of the resources obtained for different levels of difficulty are introduced,
	default coefficients - 100/80/60/40/20%,	configured in ini-file,
	corrected option description.
	optimized script execution speed.
Option 767 "(Mis)fortune":
	the chance of tripping is reduced to 5% per level of luck / failure,
	corrected option description.
Option 773 "Land Navigation":
	For maps with less than 15% water, the prohibition of aquatic artifacts and spells, the skill "Navigation" in universities, witches' huts and Scholars,
	corrected option description.
Option 771 "Randomizer":
	when scattering in base increments of creatures, for creatures hired in cities, the increments of up- and downgrades are now equal.
Option 783 "Scholars Instead of Obelisks":
	when the option "Land navigation" is enabled for a waterless map, instead of "Navigation", Scholars propose "Logistics",
	if there is a curse on the hero prohibiting a visit to a Scholar, the Scholar will not even offer his services,
	Added correct processing of Scholars learning spells with spell numbers less than 1024 (replacing forbidden spells by Scholars with WoG-option 148).
  

ver. 1.03
=========
Option 763 "Hidden Enemies":
	In the description added information that all the emerging characters consist of one alliance.
Option 771 "Randomizer":
	added functionality that introduces variation in the basic increments of creatures. The default value is 30%. Configured in option 771 file - randomizer.ini.
Option 781 "Conflux Balancing":
	changes in increments are given by relative values, not absolute, for compatibility with the functionality of the variation of the basic increments.


ver. 1.02
=========
Added option 761 "Strengthening fighting gnomes".
Added option 762 "Zombie FleshEaters".
Option 763 "Hidden Enemies":
	random spells added to attacking heroes are chosen to be forbidden and limited to the 3rd level,
	the random artifact added by the attacking heroes is chosen taking into account prohibited among the artifacts of the class "treasure / minor" and cannot be combined.
Option 764 "Balanced Starting Armies":
	the war machines ballista and the tent are now only in the starting armies of the heroes of the specialists in them or specialists in the corresponding secondary skills,
	FV of the war machines from the maximum possible when calculating the number of creatures in the units,
	the maximum possible number of creatures 2-5 levels reduced by 1, so. 1st level creatures in armies on average become larger
	optimized script execution speed.
Option 776 "Suppression of the Elements":
	fixed a bug when, after a level-up battle, a hero could be offered to increase an already expert school of Magic skill.
Option 767 "(Mis)fortune":
	bonus / luck penalty now amounts to 50% of the final damage done to the squad,
	(Mis)fortune now works with retaliatory strikes,
	the animation (of Mis)fortune happens directly before the impact, and not before the action, as before,
	if a unit attacks several targets at the same time, (Mis)fortune is calculated and triggered separately for each target,	
	Added output of a message about the triggering (un) good luck to the battle log,
	added sound output (Mis)fortune,
	changed option description.


ver. 1.01
=========
Added option 763 "Hidden Enemies."
Added change.log file.
Added display of the ERA scripts Rus version number on the 6 tab of WoG-options.
The tab numbers for the options group "Limiting options" and "Interface changes" have been changed.


ver. 1.00
=========
Release mod.