ver. 1.46f2
Опция 760 "Достижения"
	Исправлен "ввод" текста в окне достижений.
	Достижение "Снабженец" не давало бонус
Опция 733 "Третий класс"
	Исправлено неотображение текста при повышении уровня у нктр классов.
Опция 788 "Смертные герои"
	Исправлено зануление статов существ, специлистамаи по которым был герой.
ver. 1.46f
==========
Опция 794 "Открытая карта"
	Убрано пересечение по z-переменных с другими скриптами (спс. wessonsm)
Опция 795 "Ночная разведка"
	Исправлен вылет в начале боя с использованием ассасинов, появлявшийся после загрузки игры.
	Кнопка просмотра количества ассасинов в экране героя теперь позволяет разрешать/запрещать участие отряда ассасинов в бою.
Опция 882 "Скелеты с артефактами"
	Снижена базовая скорость и темп роста параметров скелета-охранника.
Опция 766 "Лидерство"
	Скорость прироста войск снижена с 3% до 2% за уровень навыка (по-прежнему настраивается в ini-файле)
Опция 791 "Засады бандитов"
	Размер засады теперь не зависит от силы армии героя, зависит только от игрового дня, уровня героя и уровня сложности.
Опция 788 "Смертные герои", Опция 725 "Охота за головами"
	Исправлен баг в процедуре перерождения героя, из-за которого изменялась раса командира у перерожденных героев.
Опция 760 "Достижения"
	Ранг достижения "Ревизор" теперь дается за каждую захваченную неработающую шахту (было 2).
	Ранг достижения "Снабженец" теперь дается за каждые 5 поднятых куч ресурсов (было 10).
	Ранг достижения "Кладоискатель" теперь дается за каждые 3 открытых сундука (было 4). 
	Ранг достижения "Эрудит" теперь дается за каждые 3 обучения во внешних строениях (было 2). 
	Исправлен вид кнопки достижений при нажатии в окне героя (спс. Sandris)
Опция 725 "Охота за головами"
	Расширено поле имени героя в диалоге вербовки/казни. Теперь длинные имена не обрезаются.
	Если у игрока максимум активных героев, вербовка бандита теперь не предлагается, только казнь.
Опция 732 "Ограничение количества героев"
	Ограничение на количество героев теперь задается только в диапазоне от 1 до 8, т.к. большие значения вызывают критические ошибки в игре.
Дополнены описания опций "Осадное дело", "ReMagic", "Ограничение количества героев".
Добавлена опция 724 "Банк Лепреконов" (сконвертирован в опцию одноименный мод)
	Исправлен баг: при взятии целевого займа на гильдию магов первого уровня здание не отстраивалось.
	Опция отключает только WoG-опцию "Банк".
	WoG-опции "Центр торговли ресурсами" и "Возможность передачи ВСЕХ ресурсов" теперь не отключаются, но работают только по ПКМ на кнопке Банка.
Опция 726 "ReMagic"
	Исправлено название заклинания Благословение
Опция 879 "Захват мельниц и садов лепрекона"
	Автосбор ресурсов теперь запускается позже размещения мифрила и корректно его собирает

	
ver. 1.46
==========
Исправлены структуры json-файлов
Функция (FUN.GetHeroPortrait) заменена улучшенным вариантом от igrik'а (синтаксис не изменился)
Опция 768 "Ресурсы монстров"
	Убрана привязка к макросу $bit$ из WoG Scripts.
Опция 725 "Охота за головами"
	Исправлен вылет при клике на иконку золота в диалоге оповещения о новой банде.
	Герои-бандиты теперь выбираются из полного списка героев.
	Начальные армии героев-бандитов уменьшены, опыт уменьшен, награды увеличены.
	Бандиты не могут двигаться в первый ход, пока уведомление о них не показано всем игрокам, что исключает возможность внезапного появления и атаки.
	Обновленная графика диалогов от Sandris'а.
Опция 760 "Достижения"
	Обновленная графика кнопки достижений и иконки отсутствующего достижения от Sandris'а
	После перестройки разграбленной Утопии теперь не выдается сообщение об ошибке.
	Кнопка Достижения теперь корректно скрывается из интерфейса при отключенной опции и сдвигается для игры без HD-мода (спс. igrik)
Опция 795 "Ночная разведка"
	Обновленная графика Мастера-ассасина, Барахольщика и Некроманта от Sandris'а
	Графический заголовок сообщений Ночной разведки от Sandris'а.
	Исправлен баг с пропаданием ассасинов у победившего защищавшегося героя.
	Исправлен баг, из-за которого ассасины побежденного героя не предлагались победителю.
	Исправлен баг, когда нападавший и побежденный бандит после вербовки получала ассасинов защищавшегося победителя.
	Базовый шанс появления ассасинов в раунде снижен с 33% до 25%.
	Сумма откупа ассасинов побежденного героя удвоена.
	Кнопка Ассасины теперь корректно скрывается из интерфейса при отключенной опции и сдвигается для игры без HD-мода (спс. igrik)
Опция 788 "Смертные герои", Опция 725 "Охота за головами"
	Исправлены некорректные описания специализаций перерожденных героев.
	Добавлены специализации тёмного перерождения.
	Добавлены специализации аур-проклятий.
FUN.erm 
	Скрипт устарел и _временно_ представляет собой переходный интерфейс к новым функциям.
	Новые события и функции поименованы и вынесены в отдельные файлы Event_<name> и Fun_<name>.
	Мододелам, использовавшим FUN.erm необходимо отказываться от его использования и использовать именованные события и функции.
	Подробные описания и примеры использования - в файлах Event_<name> и Fun_<name>.
Скрипты ES теперь не используют FUN.erm.
Скрипты ES теперь не используют событие (onGameEnter) из-за проблем с ним при использовании HD-функционала загрузки из боя.
Скрипт 33 wog - castle upgrading.erm исключен из мода, т.к. правки внесены в WoG Scripts (спс. igrik)


ver. 1.45f
==========
Опции 760 "Достижения" и 795 "Ночная разведка"
	Удаление временных массивов после использования.
Опция 760 "Достижения"
	Не показывались новые диалоги получения достижений
Опция 767 "Неудача и деморализация"
	Шанс выпадения отрицательной удачи был 2% за уровень, вместо 10 (спс. helgtla)


ver. 1.45
==========
ERA Scripts теперь требует версию ERA не ниже 2.9.11.
Установка версии 1.45 должна производиться в пустой каталог, не обновляйте копированием поверх старой версии!
Изменено расположение некоторых опций в меню WoG-options
Добавлена опция	725 "Охота за головами"
Опция 792 "Не место для людей"
	Опция восстановлена в меню WoG-options (была потеряна в каком-то из обновлений)
Опция 746 "Отключение Некромантии"
	Опция переквалифицирована в неотключаемые интрефейсные изменения и убрана из меню WoG-options.
	Если ее функционал кому-то мешает, можно удалить "interface - disable necromancy.erm".
	Тексты скорректированы и вынесены в json-файл.
Bug fixes.erm
	Фикс с перерисовкой тени перемещения отряда после отмены действия удален как причина лагов (заменен функцией, см. ниже).
FUN.erm
	Добавлена функция (FUN.GetHeroPortrait) - получение имен файлов малого/большого портрета героя (спасибо: MoP).
	Добавлена функция (FUN.GetRandomSpell) - получение случайного незапрещенного заклинания по заданным критериям отбора.
	Добавлена функция (FUN.RedrawShadowAfterAction) - перерисовка тени перемещения отряда после текущего действия в бою, без параметров.
Опция 795 "Ночная разведка"
	Иконки заклинаний и героев теперь берутся из штатных игровых ресурсов (поддержка измененных портретов героев).
	Заменены портреты Мастера-Ассасина и Некроманта.
	Тексты подсказок вынесены из шаблонов диалогов в ert-файл.
Опция 997 "Великий Манёвр"
	Восстановлена работоспособность опции (игра больше не зависает при попытке совершить маневр).
	Код оптимизирован и откоментирован.
Опция 760 "Достижения"
	Устранены ошибки и ложные срабатывания боевых дебафов достижений (возможно, не все).
	Переделаны диалоги получения и просмотра достижений. Всю графику предоставил Sandris.
	В диалоге просмотра достижений теперь отображается не эффект за ранг, а эффект, соответствующий текущему рангу.
	Достижения Душегуб, Инквизитор, Головорез изменяли параметры существ на +-1 за ранг, вместо +-2.
Опция 736 "Боевой опыт"
	Добавлена совместимость с переигрыванием битвы плагином BattleReplay.dll от igrik'а.


ver. 1.44f
==========
Опция 727 "Артефакты рюкзака"
	Подводы дерева и руды находясь в рюкзаке теперь, как и в оригинале, дают только по 1 ед ресурса.
	Артефакты-ресурсники теперь нельзя надеть (кроме Рога изобилия и его компонентов, надевание необходимо для сборки/разборки).
	Артефакты дающие бонус к запасу хода (Перчатки Всадника, Сапоги-Скороходы, Ожерелье Морского Проведения) теперь тоже работают из рюкзака (надеть нельзя).
Опция 769 "Монстры с артефактами"
	Опция отвязана от WoG Scripts и процедуры Вогификации.
Опция 735 "Улучшенный рынок артефактов"
	В последнем слоте рынка теперь не могут появляться артефакты класса "реликт", только "major".


ver. 1.44
==========
Все диалоги мода теперь используют отдельные версии шрифтов "es.<fontname>@" для независимости вида отображения от версий игры.
Опция 795 "Ночная разведка"
	Ассасины теперь корректно появляются при переигрывании битвы плагином BattleReplay.dll от igrik'а.
	Появление ассасинов теперь не прерывает повторный ход головорезов.
	При убийстве вражеского героя (не сбежал и не откупился), победитель теперь может присоединить вражеских ассасинов или получить с них денежную компенсацию.
Опция 882 "Скелеты с артефактами" переписана.
	Тексты вынесены в json-файл.
	Все параметры скелета-охранника зависят не только от класса артефакта и дня, но и от выбранного уровня сложности.
	Скелет-охранник теперь имеет дополнительные контратаки и уникальную способность.
	Битва со скелетом-охранником не может быть проведена в быстром режиме.
	Корректное переигрывание битвы плагином BattleReplay.dll от igrik'а
Опция 760 "Достижения"
	ИИ-герои теперь получают бонус к достижениям в соответствующий 0..4 рангам, в зависимости от сложности, выбранной игроком.
	Для получения бонуса у ИИ-героя должжен быть открыт хотя бы первый ранг достижения.
Опция 788 "Hardcore герои" переписана и переименована в "Смертные герои"
	Проигравший бой, не сбежавший и не сдавшийся герой теперь не выпадает из игры, а перерождается с новыми параметрами, навыками и специализацией.
	Переродившийся герой может получить в том числе и новую уникальную специализацию.
	Для поддержки "смертности" в сторонних скриптах может использоаться вызываемая "при смерти" функция !?FU(ES.opt758.Rebirth); // Перерождение героя x1
Новая графика кнопок для ассасинов и достижений в окне героя (спасибо: Sandris). Старая удалена из мода.


ver. 1.43f
==========
Опция 782 "Медицина"
	Усиления эффектов лечения палаток не работают со включенной опцией "Усиленные военные машины III" (воскрешение  существ).
interface - artefact helper
	Добавлена установка признака artefact_helper, для совместимости.
Опция 733 "Третий класс"
	Исправлена опечатка, из за которой опцию "Измененная прокачка героев" выключала "Сухопутная навигация", а не "Третий класс".
Опция 764 "Сбалансированные стартовые армии"
	Некорректно определялось существо в 3м слоте для героя со специализацией на улучшенных существах.
Исправления орфографии/пунктуации в текстах.
Опции теперь не используют WoG-макросы и не требуют WoG Scripts для работы.


ver. 1.43
==========
Опция 760 "Достижения"
	Достижение Эрудит работало даже при выключенной опции.
	Опечатки в достижении Драконоборец, приводившие к неработоспособности достижения (спс. helgtla).
	При активации Драконоборца теперь проигрывается анимация на ослабленных драконах.
	Корректировка форматирования текстов достижений.
	Могли не выдаваться сообщения о получении достижений Защитник/Захватчик (достижения фактически получались) или выдаваться для ИИ-героев.
	Восстановлена работоспособность достижений Душегуб/Инквизитор/Головорез.
	При активации достижений Душегуб/Инквизитор/Головорез теперь проигрывается анимация на разъяренных существах.
Опция 795 "Ночная разведка"
	Ворам/Головорезам не возвращались имена, если атака Ассасинов завершала бой.
	Ассасины больше не призываются на тактической фазе (обход глюка с номерами раундов в тактической фазе).
	Барахольщик мог предлагать ресурсы за артефакт, которого не было у героя в рюкзаке.
Опция 726 "ReMagic"
	Волна смерти больше не наносит урон не-живым существам (големы, элементали и пр.)
FUN.erm
	Добавлена функция FUN.SpellAnimationOnStacks для массовой анимации заклинаний на отрядах. Описание внутри файла.
Все исправленные WoG-скрипты исключены из сборки, т.к. они теперь внесены в мод WoG Scripts (огромное спасибо igrik'у)


ver. 1.42f
==========
Опция 795 "Ночная разведка"
	Новое событие "Барахольщик"
Опция 795 "Ночная разведка"
	Исправлена неверная картинка встреченного существа (Инструкторы, Исчезающий призрак и пр.)
	Исправлена ошибка с появлением ассасинов за пределами поля боя.
	Ассасины теперь не могут появиться сразу после исчезновения. Перед повторным появлением должен походить хотя бы один отряд.
Опция 760 "Достижения"
	Исправлено опечатка приводившая к появлению ошибки после взятия посещения существ.
	Исправлено ошибка, из-за которой в сообщении о ревизии захваченной шахты не печаталось имя героя.
Опция 782 "Медицина"
	Бонусы к здоровью от навыка Медицина теперь распространяются на всех существ.


ver. 1.42
==========
ERA Scripts теперь требует версию ERA не ниже 2.9.10.
Из мода удалены исправленные WoG-скрипты, который были включены в мод WoG Scripts.
Bug fixes.erm
	Фикс бага генератора, когда при старте с несколькими городами герой появляется не в родном городе теперь действует только на случайные карты.
Опция 760 "Достижения"
	Скрипт достижений, фактически переписан, языковые данные вынесены в "Lang\option 760 - achievements.json". Соответствующий ert-файл удален.
	Создан новый диалог достижений. Добавлена отдельная кнопка "Достижения" в экране героя.
	Есть возможность заменить новую кнопку ее уменьшенным вариантом (инструкция в каталоге "Data\Buttons").
	Исправлен баг, из-за которого герой с проклятием на посещение святынь мог получить достижение "Искатель знаний" максимального уровня с одной святыни.
	Достижение "Грабитель" переименовано в "Налетчик" и теперь требует разграбления 3х банков для получения ранга.
	Достижение "Искатель мудрости" переименовано в "Студент".
	9 достижений "Враг народа" преобразованы в 3: Душегуб/Инквизитор/Головорез и распространяются на существ не расы, а фракции (добрые/злые/нейтралы). Бонусы и штрафы существ за каждый ранг достижения удвоены.
	Новое достижение "Курьер"
	Новое достижение "Ведьмак"
	Новое достижение "Защитник"
	Новое достижение "Захватчик"
	Новое достижение "Палач"
	Новое достижение "Эрудит"
Опция 767 "(Не)удача" переименована в "Неудача и деморализация"
	Мораль теперь также как и удача не имеет пороговых значений и может срабатывать с шансом вплоть до 100% (спс. Igor).
	Отрицательные мораль и удача дают 10% шанс срабатывания, положительные - 5%.
Опция 791 "Засады бандитов"
	Бои с бандитами теперь проходят без участия боевых машин (спс. Igor).
Опция 758 "Головорезы"
	Исправлен баг, когда головорезы уничтожившие врага и погибшие от огненного щита получали второй ход.
Опция 795 "Ночная разведка"
	Если суммарное здоровье жертв ниже здоровья Драколича, Некромант теперь поднимает Кровавых драконов.
	Новое событие "Мастер-ассасин". Добавлена отдельная кнопка "Ассасины" в экране героя.
	Есть возможность заменить новую кнопку ее уменьшенным вариантом (инструкция в каталоге "Data\Buttons").
	Иконки существ, вторичных навыков и артефактов для диалогов теперь берутся из стандартных def'ов игры.
	Просмотр героя/принятие/отказ в диалогах разведки теперь срабатывают на отпускание ЛКМ, все реакции на ПКМ убраны, добавлены рамки к кнопкам ок/отмена.


ver. 1.41
==========
ERA Scripts теперь требует версию ERA не ниже 2.9.9.
Удалены устаревшие скрипты из папки "disabled" и "заглушки" для файлов, которых больше нет в базовой поставке ERA.
Опция 786 "Дипломатические торги"
	Исправлен баг с обнулением стоимости копейщиков при посещении внешнего жилища героем-дипломатом, что впоследствии приводило к вылету при попытке найма копейщиков в Замке с неотстроенными Алебардщиками.
Опция 791 "Засады бандитов"
	Добавлена проверка для предотвращения разнообразных глюков при засаде против читетов с ОЧЕНЬ сильной армией, невозможной в нормальных условиях.
Опция 786 "Скрытые враги"
	Исправлен баг, из-за которого появляющиеся "скрытые враги" могли стать доступным для покупки в таверне (с вылетом при покупке).
Опция 786 "Быстрые сохранения" удалена, т.к. этот функционал теперь входит в виде мода в базовую поставку ERA.
Опция 733 "Третий класс"
	При включении принудительно отключает несовместимую опцию 881 "Измененная прокачка героев".
Bug fixes.erm
	Теперь во время хода Палатки первой помощи герой может колдовать/отступать/сдаваться.
Опция 879 "Захват мельниц и садов лепрекона"
	Улучшенные мифрилом Ветряная мельница и Водяное колесо теперь дают удвоенное количество ресурса (спс. slater777)
Опция 764 "Сбалансированные стартовые армии"
	Добавлена совместимость с WoG-опцией "11 wog - neutral town" (также добавлена в мод).
	Опция теперь действует на героев в тюрьмах (только для случайных карт).
Кодировки всех ini-файлов теперь Win1251.
WoG-скрипт "30 wog - enhanced secondary skills" заменен на модифицированный igrik'ом.


ver. 1.40
==========
Опция 736 "Боевой опыт"
	Исправлена ошибка с неожиданным обнулением/увеличением опыта отряда после боя (требуется дальнейшее наблюдение).
	Нейтральные отряды (без героя и не находящиеся в гарнизоне защищающегося города) теперь не получают опыт в бою.
Опция 882 "Скелеты с артефактами"
	Relict-артефакты исключены из генерации, шансы выпадения treasure/minor/major-ов установлены в 60/30/10% соответственно.
	Охрана артефактов усилена, treasure-артефакты теперь также охраняются.
        Скелет-охранник теперь получает бонус здоровья за прошедшее игровое время.
	Убрана вероятность генерации скелета без артефакта.
Опция 791 "Засады бандитов"
	Бандиты не устраивают засад на скелетах, если включена опция 882 "Скелеты с артефактами"
Опция 780 "Города не резиновые"
	Исправлена ошибка, из-за которой лишние невыкупленные улучшенные существа ИИ не переводились в разряд батраков при включенной опции 785 "Батраки"
Опция 994 "Воинская обязанность"
	Исправлена ошибка с поступлением неулучшенных существ в город с отстроенным улучшенным жилищем.
Опция 733 "Третий класс"
	Изменены названия некоторых классов на более соответствующие.
	Специалисты по первой помощи, как относящиеся к классу воинов, теперь начинают без книги и заклинаний.
Опция 772 "Внешние улучшения"
	Теперь нулевая стоимость улучшения не отображается в диалоге как "сумма в день".
WoG-опция 195 "Замена объектов" (78 wog - wogify.erm)
	Кол-во заменяемых объектов теперь зависит от количества типов заменяющих объектов. Т.о. при малом разнообразии новых объектов их на карте размещается меньше. В частности, убирает проблему с засильем Горынычей и Пожаров.
Добавлен ежедневных фикс стоимости копейщиков (обход вылета при найме копейщиков при их нулевой стоимости, источник проблемы пока не найден)


ver. 1.39
==========
Опция 733 "Третий класс"
	Исправлена опечатка в скрипте, из-за которой герой при повышении мог упираться в "ограничение опыта для карты".
Опция 783 "Ученые вместо обелисков"
	В некоторых случаях некорректно рассчитывалась стоимость услуг Ученого при отключенной опции "Дипломатические торги".


ver. 1.38
==========
Опция 727 "Артефакты рюкзака"
	Рог изобилия находясь в рюкзаке теперь корректно приносит по 5 ресурсов, вместо 4х.
Опция 733 "Третий класс"
	Исправлен баг с первичными параметрами героев в тюрьмах (они получали только Знание)
Опция 764 "Сбалансированные стартовые армии"
	Армии героев в таверне сбежавших/откупившихся в прошлое воскресенье теперь не балансируются.
Опция 774 "Обмен опытом", Опция "Запрет цепочек":
	Функционал теперь работает при встрече героев через портал или врата подземного мира.
Опция 753 "Ошеломляющие кабаны"
	Каст заклинания "Волна смерти" перед атакой кабанов теперь не вызывает срабатывание ошеломления.
Опция 727 "Артефакты рюкзака", Опция 733 "Третий класс", FUN.erm
	Именованные функции заменены на номерные
Bug fixes.erm
	Исправлен баг с удалением подбираемых объектов, если они по какой-либо причине не подобраны.	
Опция 733 "Третий класс"
	Если герой получает сразу несколько уровней, в окне повышения теперь отображается "Уровень: x/y" 
Опция 764 "Сбалансированные стартовые армии"
	Исправлена ошибка при еженедельном балансировании армий героев в тавернах


ver. 1.37
==========
WoG-опция 45 "Улучшение замков"
	Исправлен баг, из-за которого в городе невозможно было построить более одного улучшения.
Добавлена опция 824 "Максимум вторичных навыков" (igrik)
	Исправлен баг с проверкой статуса опции и добавлена совместимость с модом 10SSkills (c)igrik
Меню WoG-опций
	возвращена опция 735 "Улучшенный рынок артефактов"
	возвращена опция 793 "Экономика"
	опции перераспределены по разделам и вкладкам и отсортированы
Добавлена опция 733 "Третий класс" (отдельное спасибо igrik'у)
	Герои разделяются не на 2 класса "воин-маг", а на 3: "воин-странник-маг". Разделение основывается на специализации.
	Воины - специалисты по существам и боевым навыкам. Маги - специалисты по заклинаниям и магическим навыкам. Странники - специалисты по добыче ресурсов, навыкам странников и герои с нестандартными специализациями.
	При повышении уровня герой получает 1 первичный параметр и на выбор до 3х вторичных навыков.
	Выпадающие параметры и навыки определяются комбинацией расы и класса героя. Профильные для рас навыки выпадают чаще.
	Настройки опции и дополнительная информация находятся в файле "option 733 - third class.ini".
WoG-опция 187 "Возможность переименовывать героев"
	При включенном моде 10SSkills (c)igrik клик на иконке специализации не вызывает диалог переименования героя
Опция 727 "Артефакты рюкзака"
	Бонус золота от артефактов теперь корректно отображается в обзоре королевства. (с)пасибо igrik'у
Добавлена опция 726 "ReMagic" (с)пасибо igrik'у
	Мод ReMagic теперь доступен как опция внутри ERA Scripts. 
	Во избежание конфликтов не забудьте убрать Мод ReMagic из списка используемых модов!


ver. 1.36
==========
Опция 783 "Ученые вместо обелисков"
	Поправлен баг, из-за которого Ученые могли отрабатывать по-старому - бесплатно и исчезать при отказе от обучения.
Опция 785 "Батраки"
	Исправлено смещение строки дохода города после загрузки и улучшено центрирование.
	Максимальный доход города ограничен 32k золотых
	Крестьяне теперь трудятся с 5-кратной эффективностью, вместо 10-кратной.
	Теперь нельзя назначить Батраков в городе союзника.
Опция 732 "Ограничение количества героев"
	Добавлены дополнительные проверки на новый лимит героев. (igrik)
WoG-опция 45 "Улучшение замков"
	исправлена ошибка из-за операции обновления окна замка во время хода ИИ
	Максимальный доход города ограничен 32k золотых
Опция 824 "28 навыков" удалена из мода (заменена новой)
Добавлена опция 824 "Максимум вторичных навыков" (igrik)
	Количество вторичных навыков, доступных героям увеличено до 10 (можно указать свое значение в файле "option 824 - 28 secondary skills.ini").
Опция 798 "Запрет в городах улучшенных жилищ" удалена из мода (отвязана от опции и перемещена в каталог Disabled)
Опция 754 "Запрет цепочек" удалена из мода (отвязана от опции и перемещена в каталог Disabled)
Опция 797 "Некромантами не рождаются" удалена из мода (отвязана от опции и перемещена в каталог Disabled)
Опция 283 "Дресс-код" удалена из мода (отвязана от опции и перемещена в каталог Disabled)
Опция 783 "Ученые вместо обелисков"
	Теперь Ученый может обучить героя вторичному навыку, если у героя уже есть есть 8 навыков, но лимит втор. навыков повышен.
Опция 793 "Экономика"
	Специальность "Экономика" теперь действует как уровень навыка (+5% к доходу), а не удваивает текущий навык.
	Эффект от навыков Экономика всех героев игрока теперь виден в строках доходов городов и в обзоре Королевства.
	Максимальный доход города ограничен 32k золотых
Опция 736 "Боевой опыт"
	Добавлен плагин, исправляющий работу ресивера EA:E (igrik),что должно исправить проблемы с неверным расчетов параметра отряда под (де)бафами при получении им уровня.
Добавлена опция 728 "Герои без армий"
	Включение опции разрешает передавать/увольнять все войска и оставлять героев без армии
	Герои без армий в начале дня получают 25% штраф передвижения (аналог штрафу за наличие в армии существ со скоростью 3)
	Штраф не распространяется на героев в лодках.
Добавлена опция 727 "Артефакты рюкзака"
	Артефакты, производящие ресурсы теперь дают бонусы даже находясь в рюкзаке героя.
Опции внутри разделов отсортированы по алфавиту


ver. 1.35
==========
Опция 785 "Батраки"
	Кнопка найма изменена и перенесена в строку с отображением дохода города
	В строке дохода города и в окне обзора королевства теперь сразу отображается бонус дохода от батраков (спс igrik'у)
	Отключена реакция кнопки на ПКМ
53 wog - map options.erm -> Buy All Creatures button
	Обновление экрана теперь происходит однократно, после добавления всех войск в гарнизон города
WoG-опция 45 "Улучшение замков"
	Доход от отстройки золотого запаса теперь отображается в строке дохода замка и в окне обзора королевства
Опция 742 "Опыт существ без способностей"
	Исправлен баг с установкой некорректных бонусов скорости.
Опция 994 "Воинская обязанность"
	Исправлен баг из-за которого призыв работал только для красного игрока.

ver. 1.34
==========
Bug fixes
	Добавлен фикс вылета игры при ходе юнитов со свойством "абсолютный стрелок" под Берсерком.
Добавлена опция 731 "Тренированный ИИ" (как альтернатива скрипту "Сильное усиление ИИ по первичным навыкам" от igrik'a)
	В зависимости от выбранного уровня сложности каждый ИИ-герой при повышении уровня имеет шанс 0/25/50/75/100 % дополнительно повысить на 1 профильный первичный параметр.
	Профильность параметров определяется классом героя.
Добавлена опция 730 "Однослотовые сборные артефакты" (автор: igrik)
	Сборные артефакты теперь занимают только 1 слот и не могут быть разобраны.
Добавлена опция 729 "Автосохранение перед битвой" (автор: igrik)
	Автоматическое сохранение игры перед каждой битвой, которую начинает игрок-человек.
Опция 785 "Батраки"
	Управление Батраками вынесено на отдельную кнопку в экране города
Опция 764 "Сбалансированные стартовые армии"
	Не балансируются армии прокачанных героев (более 1го уровня) и героев, находящихся в тюрьмах.


ver. 1.33
==========
Опция 791 "Засады бандитов":
	Сброс признаков засады при загрузке игры. Решает проблемы, возникающие при использовании быстрых сохранений перед боем.
Bug fixes
	Добавлено исправление z-координаты битвы. В частности, решает проблему с редкими вылетами на одноуровневых картах.
Опция 791 "Ограничение количества героев"
	Лимит по-умолчанию повышен с 3 до 5.
Неотключаемые изменения
	Artefact Helper - ПКМ по артефакту на карте приключений выводит его развернутое описание.
	Полезно как новичкам, так и для просмотра артефактов с измененными или случайными свойствами.
Обновлен erm_hooker.era
	Исправляет, в частности, совместную неработоспособность скриптов "Медицина" и "Артефакты здоровья".
Опция 764 "Сбалансированные стартовые армии"
	Стартовые армии героев-спецов по боевым машинам всегда включают соответствующую машину.
	Стартовые армии героев со навыками Баллистика/Артиллерия/Первая Помощь теперь обязательно включают Подводу/Баллисту/Палатку.
	Т.о. герои, получившие машинный навык от Рандомизатора не останутся без профильной машины.
	Количество существ в стартовых армиях теперь расчитывается с учетом их повышенной ценности из-за добавленных способностей.
Опция 771 "Рандомизатор"
	Герои-специалисты по баллистам в качестве обязательного навыка теперь получают Артиллерию вместо Стрельбы.


ver. 1.32
==========
Опция 735 "Улучшенный рынок артефактов"
	Черные рынки теперь также ежедневно выкладывают новый товар вместо купленного. (igrik)
Добавлена опция 732 "Ограничение количества героев" (igrik)
Опция 757 "Драконьи города"
	В случае, если после перестройки город становится недоступным, вход перед ним расчищается.
Опция 782 "Медицина"
	в скриптах "Медицина" и "Артефакты здоровья" хук теперь вызывает разные ERM функции.
Добавлен WoG-скрипт разделения отрядов, с корректировкой численности отрядов после разделения.
Опция 760 "Достижения"
	Каждый уровень "Врага нерода" изменяет статы соотв. вражеских существ на -1, вместо -2.
	При наличии достижения "Ревизор" и отказе от захвата шахты с охраной, ресурсы больше не выдаются.
Опция 791 "Засады бандитов"
	Теперь засада может появиться только при первом посещении оъекта за день для каждого игрока.
	Т.о. искусственно вызвать засаду "пробелом" больше не получится.
Опция 768 "Ресурсы монстров"
	Мифрил больше не может выпасть при отключенной WoG-опции 36 "Мифрил".
Опция 787 "Новая система восполнения маны"
	Колодец больше не восстанавливает ману героям с проклятием, запрещающим его посещение.
Bug fixes
	Теперь в начале игры в городах и внешних жилищах количество доступных для найма существ соответствует текущему приросту, который мог быть изменен различными скриптами.
Опция 994 "Быстрый сбор армий" удалена из мода (заменена новой)
Добавлена опция 994 "Воинская обязанность"
	Каждое воскресенье невыкупленные существа из захваченных внешних жилищ прибывают для найма в город игрока, с подходящим отстроенным жилищем.
	Если города с подходящим отстроенным жилищем у игрока нет, существа остаются во внешних жилищах.
	Порядок выбора города из нескольких подходящих, определяется порядком в списке городов игрока - город, находящийся в списке выше, имеет больший приоритет.
	Порядок городов может быть изменен при использовании WoG-опции 244 "Сортировка списка героев и городов".
	Существа "8-го уровня" воинской обязанности не подлежат и попадают в города героя стандартным для них путем.
Опция 764 "Сбалансированные стартовые армии"
	Размер стартовых армий снижен с 5000 до 4000 FV.
Опция 738 "Цифровое отображение" удалена из мода (функционал добавлен в базовую комплентацию ERA).


ver. 1.31
==========
Опция 764 "Сбалансированные стартовые армии"
	Исправлен баг, при котором первые 3 отряда уже нанятого героя могли замениться на стартовые.
Опция 739 "Поиск Пути"
	Исправлено описание вторичного навыка.
Опция 795 "Ночная разведка"
	При встрече с продавцом артефакта клик на артефакте теперь показывает его описание.
WoG-опция "Новый сундук сокровищ"
	Новые сундуки больше не должны давать бонусов, если герой перед их открытием попал в засаду и проиграл бой.
Опция 748 "Отказ от жилищ"
	Теперь нельзя отказаться от жилищ "существ 8-го уровня", если они работают не как обычные.
Опция 757 "Драконьи города"
	Добавлена совместимость с WoG-опцией 73 "Усиленные военные машины III". В кузне перестроенного города теперь доступна 1 БМ.
Опция 744 "Ремонт в полевых условиях"
	Добавлена совместимость с WoG-опцией 73 "Усиленные военные машины III". В полевых условиях можно восстановить одну разрушенную БМ каждого типа.
	Исправлен баг, когда при наличии средств на ремонт только одной машины, остальные можно было починить "в долг".
Многие опции:
	Убрано воспроизведение звуков, вывода сообщений и анимации при срабатывании функционала в быстрой битве.
Опция 796 "Использование свитков и знамён"
	Исправлен расчет макс. запаса маны героя при уничтожении свитка.
Опция 796 "Опыт за отпускание монстров"
	Теперь при получении опыта за отпускание монстров учитываются навык и специализация Обучения.
Fix'ы:
	При просмотре героя в таверне, теперь открывается не схлопывающееся окно, в котором можно посмотреть параметры командира, заклинания в книге и т.п. (спс igrik'у)
Опция 750 "Демоническая ярость"
	Добавлен вывод сообщения о разъярении демонов в лог битвы.
Опция 771 "Рандомизатор"
	При выборе случайных стартовых втор.навыков Сопротивление отнесено к вспомогательным навыкам, а Первая помощь - к боевым.


ver. 1.30
==========
Опция 795 "Ночная разведка"
	Формула расчета количества участников конфликта изменена. Количество низкоуровневых существ теперь увеличивается быстрее.	
	Конфликтовать теперь могут только существа разных мировоззрений.
	В конфликте не доступна тактическая расстановка.
	Защищающиеся участники конфликта действуют самостоятельно (спс. igrik, MoP).
Опция 771 "Рандомизатор"
	Герой, получивший навык Грамотность автоматически получает еще и книгу заклинаний, если ее не было.
Опция 796 "Использование свитков, знамен и артефактов"
	Герой с запасом маны, превышающим максимальный теперь не теряет ману при жертве свитка.
Опция 737 "Захват боевых машин"
	Для уничтожения БМ теперь используется CTRL+ЛКМ.


ver. 1.29
==========
Опция 796 "Использование свитков, знамен и артефактов"
	Все бонусы, которые ИИ получает за использование свитков, знамен и артефактов умножаются на уровень сложности (80/100/130/160/200%).
	Количество маны, получаемой за за разрушение свитка с заклинанием n-ного уровня уменьшено до 15*n маны.
	Получаемая при разрушении свитков мана теперь не может превысить естественный максимум героя.
	ИИ-герой перед битвой с игроком-человеком может разрушить до 3х свитков из рюкзака для восполнения маны.
	Исправлен баг, из-за которого ИИ не разрушал свитки.
Опция 795 "Ночная разведка"
	Добавлено событие "Исчезающий призрак".
	Добавлено событие "Некромант".
	Добавлено событие "Конфликт".


ver. 1.28
==========
Опция 796 "Использование свитков и знамен":
	Добавлен функционал уничтожения (жертвования) артефактов из рюкзака для получения опыта.
	Жертва дает только 50% опыта в сравнении с жертвой на алтаре. Навык "Обучение" также дает бонус к получаемому опыту.
	ИИ ежедневно для каждого героя слабее 15го уровня пытается жертвовать по 1му находящемуся в рюкзаке артефакту.
	Артефакты классов Major/Relict, а также составные части сборников ИИ не жертвует.
	Для активации действия уничтожения свитка/знамени/артефакта теперь используется CTRL+ЛКМ.
	Опция переименована в "Использование свитков, знамен и артефактов".
Добавлена опция 734 "Командный ИИ"
	В конце каждого хода каждый ИИ игрок передает все свои ресурсы следующему ИИ-игроку своей команды, если таковой имеется.
Опция 742 "Опыт существ без способностей"
	Бонусы к первичным параметрам теперь стандартны для всех существ: +5% за уровень опыта (скорость: +5% за 2 уровня опыта).
Опция 736 "Боевой опыт"
	получаемый в бою опыт увеличен в 1.5 раза.


ver. 1.27
==========
Опция 783 "Ученые вместо обелисков"
	Исправлен баг, при котором ученый иногда мог обучать бесплатно из-за некорректной проверки проклятий героя.
Восстановлен оригинальный Функционал новых сундуков сокровищ (в WoG-моде ERA лежат JHV-версии скриптов):
	"Том знаний (втор.навык за неделю)" дает навык за неделю, а не на следующий день.
	"Ресурсы или первичный параметр" дают выбор, а не первичный параметр в любом случае.
Опция 879 "Захват мельниц и садов лепрекона"
	исправлен баг с удалением героя-гостя во вражеском замке по ПКМ (спс. igrik).
Опция 737 "Захват боевых машин"
	теперь ненужная машина может быть разрушена по ПКМ в окне героя.
Опция 739 "Поиск пути"
	коэффициенты штрафов перемещения по бездорожью скорректированы для избежания ситуаций,
	когда герой с Поиском Пути и только с "родными" данной почве существами перемещался медленнее.
Опция 795 "Ночная разведка"
	В окне героя, открывающемся из диалога Ночной разведки, кнопка "Уволить героя" теперь блокирована (спс. igrik).
Добавлена опция 735 "Улучшенный рынок артефактов"
	Городские торговцы артефактами теперь ежедневно вместо выкупленных товаров выкладывают на продажу новые, иногда более редкие артефакты.
Опция 738 "Цифровое отображение"
	исправлен баг с вылетом игры при ЛКМ на отряде с 3мя и более заклинаниями (спс. igrik).
Bug fixes
	исправлен фикс стрельбы командира (командир со стрельбой терял способности типа двойного удара при наличии рядом врагов).
	исправлена аналогичная ситуация при наличии у героя Лука Снайпера и закончившихся боеприпасах командира.


ver. 1.26
==========
Опция 789 "Критическое Волшебство"
	Исправлен баг с некорректным определением случайного числа.
	Части сборника "Кольцо Мага" теперь дают дополнетельно 5/10/15% шанс крит.урона. Само Кольцо Мага - 50%.
Опция 764 "Сбалансированные стартовые армии"
	Армии героев в тавернах после первой недели также сбалансированы.
	Специалисты по существам 6 уровня теперь имеют улучщенное спец.существо в 3 отряде.
	Специалисты по существам 4-6 уровня теперь имеют существ 1го уровня во 2 отряде.
	Изменено соотношение ценностей отрядов.
Опция 787 "Усиленное сопротивление"
	Исправлен редко возникающий вылет.
Опция 787 "Новая система восполнения маны"
	Исправлено описание продвинутого/экспертного навыка.
Опция 782 "Медицина"
	Звуки удачи/неудачи Палатки заменены на GOODLUCK/BADLUCK.
	Исправлена ошибка расчета удачи Палатки. Шанс выпадения (не)удачи теперь 5% (такой же, как и в опции (Не)удача).
	Палатка первой помощи теперь восприимчива к заклинаниям Удача/Неудача, если включена опция (Не)удача.
Опция 759 "Дьявольское пожертвование"
	Способность работает теперь и после ожидания.
Опция 740 "Измененные специалисты по существам"
	Исправлен баг с некорректным определением уровня героя.
Добавлена опция 736 "Боевой опыт"
	Отряды в битвах с участием игрока-человека получают опыт и новые ранги непосредственно в процессе боя.
	Опыт начисляется только за убийства вражеских существ и только убившему отряду. Подробности в описании опции.
Добавлена опция 737 "Захват боевых машин"
	Победивший герой после боя получает уцелевшие боевые машины врага, если у него есть свободное место для них.
	Если места нет - машины разрушаются. При откупе машины остаются у побежденного.
Удалена старая Опция 759 "Ночная разведка".
Добавлена новая Опция 759 "Ночная разведка" (реализована только часть планируемого функционала)
	Перед началом и в процессе игры на некоторых свободных участках карты размещаются случайные события
	найти и активировать которые может любой герой заночевавший на данном или соседнем участке.
	Герои с навыком Разведка и/или артефактами Телескоп и Подзорная труба во время ночлега
	могут искать события на большем количестве соседних участков.


ver. 1.25
==========
Опция 787 "Новая система восполнения маны"
	Стоимости/ценности артефактов маны повышены до 1000/2000/3000.
	Медаль маны переведена в класс Minor-артефактов.
Добавлена опция 738 "Цифровое отображение" [автор: igrik]
	Иконки морали/удачи и активных заклинаний отряда в бою теперь имеют числовые подписи значения и длительности.
Опция 794 "Открытая карта"
	Теперь перед началом игры выдается диалог выбора для каких игроков открывать карту (по умолчанию - только красному).
Опции 743 "Артефакты здоровья" и 782 "Медицина" заменены на версии от igrik'а
	Бонусы к здоровью существ теперь отражаются не только в бою, но и в окне героя.


ver. 1.24
==========
Опция 787 "Новая система восполенния маны" переделана:
	Все герои вне города восстанавливают 3% макс. запаса маны (минимум 1 маны).
	При посещении колодца восстанавливается только 20% (минимум 20) маны.
	Ночевка в городе восстанавливает 20% (минимум 20) маны за каждый отстроенный уровень Гильдии магов.
	Каждый уровень/специализация Мистицизма восполняют ДОПОЛНИТЕЛЬНО 3% (мин. 1) маны при ночевке вне города
	и 20% (мин. 20) при посещении колодца или ночевке в городе с Гильдией.
	Артефакты маны действуют аналогично базовому/продвинутому/экспертному Мистицизму.
	Также добавлены подсказки по текущему восстановлению маны при нажатии ПКМ на кол-ве маны
	в окне героя, окне встречи героев, и окне состояния героя на карте приключений.
Добавлена опция 740 "Измененные специалисты по существам" (Идея и спонсорство: swallowmee, основной код: igrik):
	Существа под командованием соответствующего специалиста получают единовременный бонус +1 к скорости,
	а также +1 к атаке за каждый нечётный уровень героя и +1 к защите за каждый чётный.
Добавлена опция 739 "Поиск пути"
	Опция изменяет стоимости перемещения по разным почвам для разных уровней навыка Поиск пути так,
	чтобы КАЖДЫЙ уровень навыка хоть и в разной степени, но был полезен на КАЖДОЙ почве.            


ver. 1.23
==========
Опция 789 "Критическое Волшебство":
	множитель крит. урона понижен с х2 до х1.5, шанс увеличен до 10/20/30/(40)%,
	крит. урон теперь может быть нанесен любыми заклинаниями (не только целевыми),
	шанс получения крит. урона в случае с массовым заклинанием расчитывается для каждой цели отдельно,
	включение опции отключает WoG-опцию "Волшебство II".
Опция 777 "Усиленное Сопротивление":
	голем-like составляющая навыка сопротивления теперь корректно суммируется с прочими устойчивостями,
	шанс срабатывания экспертного Сопротивления понижен до 15%,
	эффекты сопротивления корректно расчитываются и при магическом уроне по своим существам,
	включение опции отключает WoG-опцию "Сопротивление II".
Опция 784 "Бездорожье":
	перенесена в каталог disabled, в связи с лучшей реализацией функционала в HD-моде.
Добавлена опция 742 "Опыт существ без способностей" (Идея: igrik):
	при получении опыта все существа получают только бонусы к параметрам, новые способности отключены.
Добавлен фикс заклианния Берсерк, которое тратилось впустую, если в области действия не было восприимчивых отрядов.
Опция 750 "Демоническая ярость":
	добавлен звук Бешенства при разъярении демонов.
Добавлена опция 741 "Фанатики-перехватчики":
	Фанатики Войны получают шанс перехватить (перенаправить на себя) целевое вражеское заклинание.
	Шанс перехвата = (Кол-во фанатиков в отряде)%.
	Перехваченное заклинание далее может быть отражено во врага со стандартной вероятностью.
	FV Фанатиков повышено на 5%.
Опция 767 "(Не)удача" и Опция 782 "Медицина"
	звуки срабатывания удачи/неудачи заменены с FORTUNE/MISFORT на GOODLUCK/BADLUCK.


ver. 1.22
=========
Опция 782 "Медицина и артефакты здоровья" разделена на 2 опции:
	"Артефакты здоровья" (опция 743) остались неизменными (+% к здоровью живых непризванных существ).
	"Медицина" (опция 782) теперь дает фиксированный бонус +1/+2/+3 (+4) к здоровью живых непризванных существ,
	Палатки первой помощи теперь восстанавливают 1-25/26-50/51-75/76-100/(101-125) единиц повреждений
	и подвержены воздействию (Не)удачи (50%/150% лечения) если включена опция 767 "(Не)удача".
Опция 751 "Некромантия"
	исправлена ошибка с учетом только своих павших существ при подъеме нежити.


ver. 1.21f
==========
Опция 994 "Быстрый сбор армий"
	исправлена ошибка отсутствия ресурса gold.wav
Опция 879 "Захват мельниц и садов лепрекона"
	теперь при нажатии на не-желтый квадрат захваченного объекта также выдается верная подсказка. Спасибо: gamecreator


ver. 1.21
=========
Добавлена опция 745 "Высокоуровневые монстры" (Идея: Ivor)
Добавлена опция 744 "Ремонт в полевых условиях" (Идея: Ivor)
Опция 757 "Драконьи города"
	Перестройка Утопии не предлагается, если на карте уже максимальное количество городов (48).
Опции "Драконьи города", "Учеба свитков заклинаний" и "Отказ от жилищ" перемещены в раздел "Изменения объектов и артефактов"
WoG-опция "Грамотность" теперь корректно учитывает ограничение по уровню изучаемых заклинаний.


ver. 1.20f
==========
Опции 793 "Экономика", 785 "Батраки"
	Теперь не выдают ошибок и корректно работают если на карте более 48 городов (могут появиться, например, при перестройке Утопий)


ver. 1.20
=========
В связи с лучшей реализацией функционала в HD-моде из ERA Scripts удалены опции:
	Опция 799 "Обмен войск"
	Опция 998 "Быстрая тактическая расстановка"
Удаленные опции перемещены в каталог "ERA scripts Rus\Data\s\disabled".
При необходимости их можно вернуть в каталог "ERA scripts Rus\Data\s".
В меню WoG'ификации они не появятся, но будут считаться включенными и работать.
Исправлена (gamecreator'ом) ошибка в опции 751 "Некромантия", из-за которой, в частности, после боя пропадал Грааль у победившего героя.
Из мода уделены одиночные фиксы, т.к. все они теперь присутствуют в Bug fixes.erm
Для корректной работы нужно удалить мод (каталог Mods\ERA scripts Rus) и установить его заново.


ver. 1.19
=========
Опция 757 "Драконьи города"
	цена перестройки Утопии поднята до 20 дерева и 20 руды;
	убрано повторное сообщение о возможности перестройки форта, если ресурсов достаточно;
	исправлен баг, когда после перестройки Утопии появлялись существа для найма даже без жилищ;
	исправлены текстовые описания.
Исправлен баг скрипта WoG "Святилище командира", когда при посещении счятилища ИИ-игроком с мертвым командиром, запрос о воскрешении задавался игроку-человеку. Также для ИИ убрана стоимость воскрешения командира в святилище.
Опция 760 "Достижения"
	удалены нападения армий фракций на "Врага Народа".
Если включены опции 785 "Батраки" и 780 "Города не резиновые", то 20/25/33/50/100% "лишних" существ (в зависимости от уровня сложности) в городах ИИ автоматически становится батраками.
Опция 747 "Самообучение"
	исправлена некритичиная опечатка, влиявшая на описания навыка.


ver. 1.18
=========
Добавлена опция 746 "Отключение Некромантии" (Автор: Gamecreator)
Добавлен EraPlugin erm_hooker.era v.1.0.0
Исправлена опечатка в опции 765 "Сбалансированные стартовые армии", приводившая к ее неработоспособности.
Опция 799 "Обмен войск": убрана возможность забрать войска у союзного героя при помощи быстрого обмена.


ver. 1.17
=========
Добавлена опция 747 "Самообучение".
Опция 765 "Сбалансированные стартовые армии"
	у специалистов по боевой машине исправлено ее появление в слоте отряда.


ver. 1.16
=========
Добавлена опция 749 "Святыни маны".
Добавлена опция 748 "Отказ от жилищ".
Добавлен файл known bugs.txt с описанием известных проблем.
Опция 765 "Сбалансированные стартовые армии"
	добавлен учет специальностей "Экстраспец по существам" и "Улучшение существ",
	в частности, теперь стартовые армии выставляются корректно при включенной опции "Расширенные специализации героев".
Добавлен фикс бага Забывчивости, оригинальная действует на все отряды уже на Продвинутом уровне.
В фикс стрельбы командира добавлена проверка на наличие Лука Снайпера. Теперь заблокированный командир при наличии у героя Лука может стрелять.


ver. 1.15
=========
Добавлена опция 753 "Ошеломляющие кабаны".
Добавлена опция 752 "Хоббиты-уклонисты".
Добавлена опция 751 "Некромантия".
Опция 761 "укрепление боевых гномов":
	после получения урона боевые гномы увеличивают защиту на 2 вместо 1.
Добавлена опция 750 "Демоническая ярость".
Исправлены очепятки в описаниях.


ver. 1.14
=========
Добавлена опция 754 "Запрет цепочек".
Опция 765 "Городские сокровищницы":
	исправлена ошибка "not a castle"


hotfix
=========
Опция 760 "Достижения"
	В армии, нападающей на "врага народа" могли быть отряды с нулевым количеством.
	

ver. 1.13
=========
Добавлена опция 755 "Истощающиеся шахты"


ver. 1.12
=========
Опция 760 "Достижения"
	 Добавлен графический диалог для отображения достижений героя
Добавлена опция 756 "Осадное дело".
Изменены вкладки меню "WoG options" для некоторых групп опций.
	 

hotfix
=========
Опция 761 "Укрепление боевых гномов"
  Исправлен баг, когда после смерти одного из отрядов боевых гномов, остальные теряли способность "Укрепление".
Опция 760 "Достижения"
  При истреблении существ враждебной фракции достижение "Враг народа" не давало существам бонуса к атаке и штрафа к защите.


hotfix
=========
Исправлен баг, когда герои-специалисты Некромантии при включенных опциях "Рандомизатор" и "Некромантами не рождаются" стартовали без навыка Некромантии.


hotfix
=========
Опция 796 "Использование свитков и знамен":
  исправлен баг, когда у героя оставалось заклинание из разрушенного свитка.
Опция 763 "Скрытые враги":
  Захватчики теперь появляются начиная со 2го месяца.
Опция 765 "Городские сокровищницы":
 исправлен редкий баг, приводивший к вылету игры.
Опция 791 "Засады бандитов":
  при нападении с поля боя удаляются препятствия.


hotfix
=========
Фикс боевых машин дополнен автоматическим пропуском хода баллисты/катапульты с нулевым боезапасом
Фикс стрельбы и двойного удара командира исправлен для случая, когда у защищающегося командира нет героя (напр. в банках).


hotfix
=========
Добавлен фикс бага с исчезновением тени перемещения после отмены действия BG:A0
Исправлена ошибка в "Native town Fix" с ежедневной телепортацией единственного героя в родной город.


hotfix
=========
Добавлен фикс бага SoD с уменьшением количества монстров с грейженым отрядом при проигрыше героя на кол-во грейженых существ.
Добавлен фикс бага когда командир получая навык стрельбы терял способность дважды атаковать в ближнем бою.
Добавлен фикс бага генератора, когда при старте с несколькими городами разных типов, стартовый герой помещается не в родной город.


ver. 1.11
=========
Добавлена опция 757 "Драконьи города".
Изменена компоновка опций на вкладках WoG-options.
Опция 760 "Достижения":
 Достижение Ревизор теперь дается за каждые 2 захваченные неработающие шахты (было 3)
 Достижение Кладоискатель теперь дается за каждые 4 открытых сундука базового типа (было 5)
 Добавлены 9 достижений "Враг народа (Фракция)"
 

hotfix
=========
Опция 765 "Городские сокровищницы":
	Убрано ошибочное срабатывание опции когда побежден герой-гость при живом гарнизонном герое
Незначительные для геймплея текстовые правки.

 
ver. 1.10
=========
Добавлена опция 758 "Головорезы".


ver. 1.09
=========
Опция 783 "Ученые вместо обелисков":
	при невозможности/отказе от обучения, игрок может в дальнейшем по нажатию ПКМ на ученом видеть его специализацию.
	при включенной опции 786 "Дипломатические торги" скидка от навыка Дипломатии и надетых артефактов дипломата распространяется и на услуги ученых.
Опция 772 "Внешние улучшения":
 улучшения теперь возможны только при наличии ненанятых существ в посещаемых жилищах.
 возможны улучшения в лагерях беженцев.
Опция 786 "Дипломатические торги":
	получаемая скидка распространяется теперь и найм/улучшение в лагерях беженцев.
Опция 785 "Батраки":
	Крестьяне трудятся в батраках с 10-кратной эффективностью.	  
Убраны пересечения по переменным z177, z178, z891 со стандартными WoG-скриптами.


hotfix
=========
Убрано пересечение по z-переменным с WoG-опцией "Змии-берсеркеры". 


ver. 1.08
=========
Добавлен фикс, удаляющий из WoG-массива настроек для объектов информацию о "подбираемых" объектах (ресурсы, костры и пр.) после их подбора.
Добавлен фикс оригинального бага SoD, когда летающий отряд при попытке атаковать теряет ход, если гекс, на который летяющий отряд должен встать занят другим отрядом.


ver. 1.07
=========
Добавлен фикс бага WoG с уменьшением защиты командира после срабатывания способности "блокировать урон"
Добавлена опция 759 "Дьявольское пожертвование".
Опция 771 "Рандомизатор":
	максимальное изменение прироста по умолчанию повышено с 30 до 40% (по прежнему может быть изменено в файле option 771 - randomizer.ini).
Опция 763 "Скрытые враги":
	появляющиеся враги теперь входят в 6й (последний) союз. Должно решить редкую проблему с возможностью появления ИИ союзного игроку-человеку,
	появляющиеся враги теперь всегда имеют максимальный запас маны.
Опция 791 "Засады бандитов":
	теперь при нападении бандитов расстановка войск (Тактика) недоступна.
Возможно исправлен вылет в редких случаях при попытке нанять копейщиков.


ver. 1.06
=========
Опция 780 "Города не резиновые":
	исправлен баг, когда при превышении лимита существ и неотстроенном улучшенном жилище можно было нанять улучшенных существ.
Опция 795 "Ночная разведка":
	исправлено некорректное описание продвинутого и экспертного уровней навыка Разведка.
Опция 880 "Учеба свитков заклинаний":
	исправлен баг, приводивший к неработоспособности опции.


ver. 1.05
=========
Добавлена опция 760 "Достижения".
Опция 771 "Рандомизатор":
	добавлен функционал установки героям "случайных" стартовых навыков. Варианты случайности настраиваются в файле option 771 - randomizer.ini,
	по умолчанию случайный навык героя выбирается из группы навыков, специфичных для класса (боевой/вспомогательный/магический),
	исправлено описание опции.
Опция 772 "Внешние улучшения":
	в диалог улучшения добавлена картинка улучшенных существ и отображение стоимости улучшения со знаком "-".
Опция 793 "Экономика":
	в окне героя/встречи героев в описании навыка Экономика теперь дополнительно отображается текущий бонус.
Опция 767 "(Не)удача":
	устранен вывод сообщения об ошибке, если атакуется несуществующий отряд (например, отряд убит абилкой личей или гогов перед основной атакой).
Опция 791 "Засады бандитов":
	тип и количество отрядов в засаде теперь случайны (в начале игры сильные существа не попадаются),
	количество бандитов теперь зависит не только от уровня сложности и уровня героя, но и от силы армии героя.
	зависимость размера засады от времени убрана,
	исправлено описание опции.
 
 
ver. 1.04
=========
Опция 878 "Опыт за отпускание монстров":
	исправлен баг, из-за которого опция не работала,
	запрещена смена коэффициента опыта в процессе игры,
	коэффициенты опыта разделены по уровням сложности и вынесены в ini-файл,
	коэффициенты по умолчанию - 100/80/60/40/20%,
	исправлено описание опции.
Опция 765 "Городские сокровищницы":
	исправлен баг, когда ресурсы не передавались если герой-защитник стоял воротах города, а в гарнизоне защиты не было,
	для игрока человека введены коэффициенты получаемых ресурсов для разных уровней сложности,
	коэффициенты по умолчанию - 100/80/60/40/20%,	настраиваются в ini-файле,
	исправлено описание опции,
	оптимизирована скорость выполнения скрипта.
Опция 767 "(Не)удача":
	шанс срабатывания понижен до 5% за уровень удачи/неудачи,
	исправлено описание опции.
Опция 773 "Сухопутная навигация":
	для карт с количеством воды менее 15% добавлен запрет водных артефактов и заклинаний, навыка "Навигация" в университетах, хижинах ведьм и у Ученых,
	исправлено описание опции.	
Опция 771 "Рандомизатор":
	при разбросе в базовых приростах существ, для существ нанимаемых в городах приросты up- и downgrade'ов теперь равны.
Опция 783 "Ученые вместо обелисков":
	при включенной опции "Сухопутная навигация" для безводной карты вместо "Навигации" ученые предлагают "Логистику",
	если на герое есть проклятье, запрещающее посещение Ученого, Ученый не будет даже предлагать свои услуги,
	добавлена корректная обработка ученых обучающих заклинаниям с номерами заклинаний меньшими 1024 (замена запрещенных заклинаний у ученых WoG-опцией 148).
  

ver. 1.03
=========
Опция 763 "Скрытые враги":
	в описании добавлена информация о том, что все появляющиеся герои состоят с одном союзе.
Опция 771 "Рандомизатор":
	добавлен функционал вносящий разброс в базовые приросты существ. Значение по умолчанию: 30%. Настраивается в файле option 771 - randomizer.ini.
Опция 781 "Балансировка Сопряжения":
	изменения приростов заданы относительными величинами, а не абсолютными, для совместимости с функционалом разброса базовых приростов.


ver. 1.02
=========
Добавлена опция 761 "Укрепление боевых гномов".
Добавлена опция 762 "Зомби-трупоеды".
Опция 763 "Скрытые враги":
	случайные заклинания добавляемые нападающим героям выбираются с учетом запрещенных и ограничены 3м уровнем,
	случайный артефакт добавляемый нападающим героям выбирается с учетом запрещенных среди артефактов класса "treasure/minor" и не может быть сборным.
Опция 764 "Сбалансированные стартовые армии":
	боевые машины баллиста и палатка теперь есть только в стартовых армиях героев специалистов по ним или специалистов по соответствующим вторичным навыкам,
	FV боевых машин вычитается из максимально возможного при расчете количества существ в отрядах,
	максимально возможное количество существ 2-5 уровней снижено на 1, т.о. существ 1го уровня в армиях в среднем стало больше,
	оптимизирована скорость выполнения скрипта.
Опция 776 "Подавление стихий":
	исправлен баг, когда после боя при level-up'е герою мог предложиться для повышения уже экспертный стихийный навык.
Опция 767 "(Не)удача":
	бонус/штраф удачи теперь составляет 50% от конечного урона, наносимого отряду,
	(не)удача теперь срабатывает и при ответных ударах,
	анимация (не)удачи происходит непосредственноперед ударом, а не перед действием, как ранее,
	если отряд атакует одновременно несколько целей, (не)удача расчитывается и срабатывает отдельно для каждой цели,
	добавлен вывод сообщения о срабатывании (не)удачи в лог боя,
	добавлен вывод звуков (не)удачи,
	изменено описание опции.


ver. 1.01
=========
Добавлена опция 763 "Скрытые враги".
Добавлен change.log файл.
Добавлено отображение номера версии ERA scripts Rus на 6 вкладке WoG-options.
Изменены номера вкладок для групп опций "Ограничивающие опции" и "Интерфейсные изменения".


ver. 1.00
=========
Выпуск мода.